c:\users\jione\desktop\펄어비스\새로운마음\directx12_renderer\x64\debug\vc143.pdb
c:\users\jione\desktop\펄어비스\새로운마음\directx12_renderer\x64\debug\vc143.idb
c:\users\jione\desktop\펄어비스\새로운마음\directx12_renderer\x64\debug\window.obj
c:\users\jione\desktop\펄어비스\새로운마음\directx12_renderer\x64\debug\main.obj
c:\users\jione\desktop\펄어비스\새로운마음\directx12_renderer\x64\debug\renderer.obj
c:\users\jione\desktop\펄어비스\새로운마음\directx12_renderer\x64\debug\terrain.obj
c:\users\jione\desktop\펄어비스\새로운마음\directx12_renderer\x64\debug\scene.obj
c:\users\jione\desktop\펄어비스\새로운마음\directx12_renderer\x64\debug\lodepng.obj
c:\users\jione\desktop\펄어비스\새로운마음\directx12_renderer\x64\debug\camera.obj
c:\users\jione\desktop\펄어비스\새로운마음\x64\debug\pixelshader.cso
c:\users\jione\desktop\펄어비스\새로운마음\x64\debug\shader.cso
c:\users\jione\desktop\펄어비스\새로운마음\x64\debug\vertexshader.cso
c:\users\jione\desktop\펄어비스\새로운마음\x64\debug\vertexshader2.cso
c:\users\jione\desktop\펄어비스\새로운마음\x64\debug\directx12_renderer.exe
c:\users\jione\desktop\펄어비스\새로운마음\directx12_renderer\x64\debug\directx12_renderer.ilk
c:\users\jione\desktop\펄어비스\새로운마음\x64\debug\directx12_renderer.pdb
c:\users\jione\desktop\펄어비스\새로운마음\directx12_renderer\x64\debug\directx1.63e8fa05.tlog\cl.command.1.tlog
c:\users\jione\desktop\펄어비스\새로운마음\directx12_renderer\x64\debug\directx1.63e8fa05.tlog\cl.read.1.tlog
c:\users\jione\desktop\펄어비스\새로운마음\directx12_renderer\x64\debug\directx1.63e8fa05.tlog\cl.write.1.tlog
c:\users\jione\desktop\펄어비스\새로운마음\directx12_renderer\x64\debug\directx1.63e8fa05.tlog\fxc.command.1.tlog
c:\users\jione\desktop\펄어비스\새로운마음\directx12_renderer\x64\debug\directx1.63e8fa05.tlog\fxc.read.1.tlog
c:\users\jione\desktop\펄어비스\새로운마음\directx12_renderer\x64\debug\directx1.63e8fa05.tlog\fxc.write.1.tlog
c:\users\jione\desktop\펄어비스\새로운마음\directx12_renderer\x64\debug\directx1.63e8fa05.tlog\link.command.1.tlog
c:\users\jione\desktop\펄어비스\새로운마음\directx12_renderer\x64\debug\directx1.63e8fa05.tlog\link.read.1.tlog
c:\users\jione\desktop\펄어비스\새로운마음\directx12_renderer\x64\debug\directx1.63e8fa05.tlog\link.write.1.tlog
