c:\users\jione\desktop\펄어비스\directx12\build\x64\debug\engined.pdb
c:\users\jione\desktop\펄어비스\directx12\build\x64\debug\engined.idb
c:\users\jione\desktop\펄어비스\directx12\source\engine\x64\debug\client.obj
c:\users\jione\desktop\펄어비스\directx12\source\engine\x64\debug\mainwindow.obj
c:\users\jione\desktop\펄어비스\directx12\source\engine\x64\debug\wictextureloader.obj
c:\users\jione\desktop\펄어비스\directx12\source\engine\x64\debug\texture.obj
c:\users\jione\desktop\펄어비스\directx12\source\engine\x64\debug\material.obj
c:\users\jione\desktop\펄어비스\directx12\source\engine\x64\debug\ddstextureloader11.obj
c:\users\jione\desktop\펄어비스\directx12\source\engine\x64\debug\vertexshader.obj
c:\users\jione\desktop\펄어비스\directx12\source\engine\x64\debug\skinningvertexshader.obj
c:\users\jione\desktop\펄어비스\directx12\source\engine\x64\debug\shader.obj
c:\users\jione\desktop\펄어비스\directx12\source\engine\x64\debug\pixelshader.obj
c:\users\jione\desktop\펄어비스\directx12\source\engine\x64\debug\renderer.obj
c:\users\jione\desktop\펄어비스\directx12\source\engine\x64\debug\renderable.obj
c:\users\jione\desktop\펄어비스\directx12\source\engine\x64\debug\pointlight.obj
c:\users\jione\desktop\펄어비스\directx12\source\engine\x64\debug\game.obj
c:\users\jione\desktop\펄어비스\directx12\source\engine\x64\debug\character.obj
c:\users\jione\desktop\펄어비스\directx12\source\engine\x64\debug\camera.obj
c:\users\jione\desktop\펄어비스\porting\build\x64\debug\engined.pdb
c:\users\jione\desktop\펄어비스\porting\build\x64\debug\engined.idb
c:\users\jione\desktop\펄어비스\porting\source\engine\x64\debug\mainwindow.obj
c:\users\jione\desktop\펄어비스\porting\source\engine\x64\debug\wictextureloader.obj
c:\users\jione\desktop\펄어비스\porting\source\engine\x64\debug\texture.obj
c:\users\jione\desktop\펄어비스\porting\source\engine\x64\debug\material.obj
c:\users\jione\desktop\펄어비스\porting\source\engine\x64\debug\ddstextureloader11.obj
c:\users\jione\desktop\펄어비스\porting\source\engine\x64\debug\vertexshader.obj
c:\users\jione\desktop\펄어비스\porting\source\engine\x64\debug\skinningvertexshader.obj
c:\users\jione\desktop\펄어비스\porting\source\engine\x64\debug\shader.obj
c:\users\jione\desktop\펄어비스\porting\source\engine\x64\debug\pixelshader.obj
c:\users\jione\desktop\펄어비스\porting\source\engine\x64\debug\renderer.obj
c:\users\jione\desktop\펄어비스\porting\source\engine\x64\debug\renderable.obj
c:\users\jione\desktop\펄어비스\porting\source\engine\x64\debug\pointlight.obj
c:\users\jione\desktop\펄어비스\porting\source\engine\x64\debug\game.obj
c:\users\jione\desktop\펄어비스\porting\source\engine\x64\debug\client.obj
c:\users\jione\desktop\펄어비스\porting\source\engine\x64\debug\camera.obj
c:\users\jione\desktop\펄어비스\directx12\build\x64\debug\engined.lib
c:\users\jione\desktop\펄어비스\porting\build\x64\debug\engined.lib
c:\users\jione\desktop\펄어비스\porting\source\engine\x64\debug\character.obj
c:\users\jione\desktop\펄어비스\porting\source\engine\x64\debug\engine.tlog\cl.command.1.tlog
c:\users\jione\desktop\펄어비스\porting\source\engine\x64\debug\engine.tlog\cl.read.1.tlog
c:\users\jione\desktop\펄어비스\porting\source\engine\x64\debug\engine.tlog\cl.write.1.tlog
c:\users\jione\desktop\펄어비스\porting\source\engine\x64\debug\engine.tlog\lib-link.read.1.tlog
c:\users\jione\desktop\펄어비스\porting\source\engine\x64\debug\engine.tlog\lib-link.write.1.tlog
c:\users\jione\desktop\펄어비스\porting\source\engine\x64\debug\engine.tlog\lib.command.1.tlog
