  Renderer.cpp
C:\Program Files\Microsoft Visual Studio\2022\Community\VC\Tools\MSVC\14.35.32215\include\xmemory(154,5): warning C4365: '인수': 'long'에서 'unsigned int'(으)로의 변환입니다. signed 또는 unsigned가 일치하지 않습니다.
C:\Program Files\Microsoft Visual Studio\2022\Community\VC\Tools\MSVC\14.35.32215\include\xmemory(164,5): warning C4365: '인수': 'long'에서 'unsigned int'(으)로의 변환입니다. signed 또는 unsigned가 일치하지 않습니다.
C:\Program Files\Microsoft Visual Studio\2022\Community\VC\Tools\MSVC\14.35.32215\include\atomic(93,9): warning C4365: '인수': 'long'에서 'unsigned int'(으)로의 변환입니다. signed 또는 unsigned가 일치하지 않습니다.
C:\Program Files\Microsoft Visual Studio\2022\Community\VC\Tools\MSVC\14.35.32215\include\atomic(291,9): warning C4365: '인수': 'long'에서 'unsigned int'(으)로의 변환입니다. signed 또는 unsigned가 일치하지 않습니다.
C:\Program Files\Microsoft Visual Studio\2022\Community\VC\Tools\MSVC\14.35.32215\include\atomic(307,9): warning C4365: '인수': 'long'에서 'unsigned int'(으)로의 변환입니다. signed 또는 unsigned가 일치하지 않습니다.
C:\Program Files (x86)\Windows Kits\10\Include\10.0.22000.0\um\winbase.h(7723,48): warning C5039: 'TpSetCallbackCleanupGroup': -EHc 아래의 'extern "C"' 함수로 전달되는 잠재적인 throw 함수에 대한 포인터 또는 참조입니다. 이 함수가 예외를 throw하는 경우 정의되지 않은 동작이 발생할 수 있습니다.
C:\Program Files (x86)\Windows Kits\10\Include\10.0.22000.0\winrt\wrl\implements.h(65,1): warning C5204: 'Microsoft::WRL::CloakedIid<IMarshal>': 클래스에 가상 함수가 있지만 trivial 소멸자가 가상이 아닙니다. 이 클래스에서 파생된 개체의 인스턴스가 정확하게 소멸되지 않을 수 있습니다.
C:\Program Files (x86)\Windows Kits\10\Include\10.0.22000.0\winrt\wrl\implements.h(813): message : 컴파일되는 클래스 템플릿 인스턴스화 'Microsoft::WRL::CloakedIid<IMarshal>'에 대한 참조를 확인하세요.
C:\Program Files (x86)\Windows Kits\10\Include\10.0.22000.0\winrt\wrl\implements.h(1307): message : 컴파일되는 클래스 템플릿 인스턴스화 'Microsoft::WRL::Details::AdjustImplements<Microsoft::WRL::RuntimeClassFlags<3>,true,I0>'에 대한 참조를 확인하세요.
          with
          [
              I0=Microsoft::WRL::CloakedIid<IMarshal>
          ]
C:\Program Files (x86)\Windows Kits\10\Include\10.0.22000.0\winrt\wrl\implements.h(1341,52): message : 컴파일되는 클래스 템플릿 인스턴스화 'Microsoft::WRL::Implements<Microsoft::WRL::RuntimeClassFlags<3>,Microsoft::WRL::CloakedIid<IMarshal>>'에 대한 참조를 확인하세요.
C:\Program Files (x86)\Windows Kits\10\Include\10.0.22000.0\winrt\wrl\implements.h(1336,1): warning C4820: 'Microsoft::WRL::Implements<Microsoft::WRL::RuntimeClassFlags<3>,Microsoft::WRL::CloakedIid<IMarshal>>': '7' 바이트 패딩이 기본 클래스 'Microsoft::WRL::Details::ImplementsBase' 다음에 추가됨
C:\Program Files (x86)\Windows Kits\10\Include\10.0.22000.0\winrt\wrl\implements.h(1450,40): warning C4820: 'Microsoft::WRL::FtmBase': '7' 바이트 패딩이 기본 클래스 'Microsoft::WRL::Details::FtmBaseMarker' 다음에 추가됨
C:\Program Files (x86)\Windows Kits\10\Include\10.0.22000.0\winrt\wrl\implements.h(1451,1): warning C4265: 'Microsoft::WRL::FtmBase': 클래스에 가상 함수가 있지만 non-trivial 소멸자가 가상이 아닙니다. 이 클래스의 인스턴스가 정확하게 소멸되지 않을 수 있습니다.
C:\Program Files (x86)\Windows Kits\10\Include\10.0.22000.0\winrt\wrl\implements.h(1577,9): warning C4365: 'return': 'long'에서 'unsigned long'(으)로의 변환입니다. signed 또는 unsigned가 일치하지 않습니다.
C:\Program Files (x86)\Windows Kits\10\Include\10.0.22000.0\winrt\wrl\implements.h(1593,5): warning C4365: 'return': 'long'에서 'unsigned long'(으)로의 변환입니다. signed 또는 unsigned가 일치하지 않습니다.
C:\Program Files (x86)\Windows Kits\10\Include\10.0.22000.0\winrt\wrl\implements.h(1881,9): warning C4365: 'return': 'long'에서 'unsigned long'(으)로의 변환입니다. signed 또는 unsigned가 일치하지 않습니다.
C:\Program Files (x86)\Windows Kits\10\Include\10.0.22000.0\winrt\wrl\implements.h(1886,1): warning C4365: '=': 'unsigned long'에서 'long'(으)로의 변환입니다. signed 또는 unsigned가 일치하지 않습니다.
C:\Program Files (x86)\Windows Kits\10\Include\10.0.22000.0\winrt\wrl\implements.h(1989,20): warning C4365: '=': 'volatile const DWORD64'에서 'LONG64'(으)로의 변환입니다. signed 또는 unsigned가 일치하지 않습니다.
C:\Program Files (x86)\Windows Kits\10\Include\10.0.22000.0\winrt\wrl\implements.h(2118,5): warning C4365: 'return': 'UINT_PTR'에서 'INT_PTR'(으)로의 변환입니다. signed 또는 unsigned가 일치하지 않습니다.
C:\Program Files (x86)\Windows Kits\10\Include\10.0.22000.0\winrt\wrl\implements.h(1686,1): warning C4820: 'Microsoft::WRL::Details::RuntimeClassImpl<Microsoft::WRL::RuntimeClassFlags<2>,true,false,true,IWeakReference>': '1' 바이트 패딩이 기본 클래스 'Microsoft::WRL::Details::DontUseNewUseMake' 다음에 추가됨
C:\Program Files (x86)\Windows Kits\10\Include\10.0.22000.0\winrt\wrl\implements.h(2207): message : 컴파일되는 클래스 템플릿 인스턴스화 'Microsoft::WRL::Details::RuntimeClassImpl<Microsoft::WRL::RuntimeClassFlags<2>,true,false,true,IWeakReference>'에 대한 참조를 확인하세요.
C:\Program Files (x86)\Windows Kits\10\Include\10.0.22000.0\winrt\wrl\implements.h(2232,93): message : 컴파일되는 클래스 템플릿 인스턴스화 'Microsoft::WRL::RuntimeClass<Microsoft::WRL::RuntimeClassFlags<2>,IWeakReference>'에 대한 참조를 확인하세요.
C:\Program Files (x86)\Windows Kits\10\Include\10.0.22000.0\winrt\wrl\implements.h(1687,1): warning C5220: 'Microsoft::WRL::Details::RuntimeClassImpl<Microsoft::WRL::RuntimeClassFlags<2>,true,false,true,IWeakReference>::refcount_': 정규화된 volatile 형식이 포함된 비정적 데이터 멤버는
           컴파일러에서 생성된 복사/이동 생성자 및 복사/이동 할당 연산자가 트리비얼이 아님을 더 이상 의미하지 않습니다.
C:\Program Files (x86)\Windows Kits\10\Include\10.0.22000.0\winrt\wrl\implements.h(1686,19): message : 'Microsoft::WRL::Details::RuntimeClassImpl<Microsoft::WRL::RuntimeClassFlags<2>,true,false,true,IWeakReference>::refcount_' 선언을 참조하십시오.
C:\Program Files (x86)\Windows Kits\10\Include\10.0.22000.0\winrt\wrl\implements.h(2280,23): warning C4820: 'Microsoft::WRL::Details::WeakReferenceImpl': '4' 바이트 패딩이 기본 클래스 'Microsoft::WRL::Details::StrongReference' 다음에 추가됨
C:\Program Files (x86)\Windows Kits\10\Include\10.0.22000.0\winrt\wrl\implements.h(2281,1): warning C4625: 'Microsoft::WRL::Details::WeakReferenceImpl': 복사 생성자가 암시적으로 삭제된 것으로 정의되었습니다.
C:\Program Files (x86)\Windows Kits\10\Include\10.0.22000.0\winrt\wrl\implements.h(2281,1): warning C4626: 'Microsoft::WRL::Details::WeakReferenceImpl': 대입 연산자가 암시적으로 삭제된 것으로 정의되었습니다.
C:\Program Files (x86)\Windows Kits\10\Include\10.0.22000.0\winrt\wrl\wrappers\corewrappers.h(176,6): warning C4265: 'Microsoft::WRL::Wrappers::HandleT<Microsoft::WRL::Wrappers::HandleTraits::MutexTraits>': 클래스에 가상 함수가 있지만 non-trivial 소멸자가 가상이 아닙니다. 이 클래스의 인스턴스가 정확하게 소멸되지 않을 수 있습니다.
C:\Program Files (x86)\Windows Kits\10\Include\10.0.22000.0\winrt\wrl\wrappers\corewrappers.h(612,1): message : 컴파일되는 클래스 템플릿 인스턴스화 'Microsoft::WRL::Wrappers::HandleT<Microsoft::WRL::Wrappers::HandleTraits::MutexTraits>'에 대한 참조를 확인하세요.
C:\Program Files (x86)\Windows Kits\10\Include\10.0.22000.0\winrt\wrl\wrappers\corewrappers.h(646,1): warning C4625: 'Microsoft::WRL::Wrappers::Mutex': 복사 생성자가 암시적으로 삭제된 것으로 정의되었습니다.
C:\Program Files (x86)\Windows Kits\10\Include\10.0.22000.0\winrt\wrl\wrappers\corewrappers.h(646,1): warning C4626: 'Microsoft::WRL::Wrappers::Mutex': 대입 연산자가 암시적으로 삭제된 것으로 정의되었습니다.
C:\Program Files (x86)\Windows Kits\10\Include\10.0.22000.0\winrt\wrl\wrappers\corewrappers.h(646,1): warning C4265: 'Microsoft::WRL::Wrappers::Mutex': 클래스에 가상 함수가 있지만 non-trivial 소멸자가 가상이 아닙니다. 이 클래스의 인스턴스가 정확하게 소멸되지 않을 수 있습니다.
C:\Program Files (x86)\Windows Kits\10\Include\10.0.22000.0\winrt\wrl\wrappers\corewrappers.h(521,1): warning C4820: 'Microsoft::WRL::Wrappers::Details::SyncLockWithStatusT<Microsoft::WRL::Wrappers::HandleTraits::MutexTraits>': '4' 바이트 패딩이 데이터 멤버 'Microsoft::WRL::Wrappers::Details::SyncLockWithStatusT<Microsoft::WRL::Wrappers::HandleTraits::MutexTraits>::status_' 다음에 추가됨
C:\Program Files (x86)\Windows Kits\10\Include\10.0.22000.0\winrt\wrl\wrappers\corewrappers.h(631): message : 컴파일되는 클래스 템플릿 인스턴스화 'Microsoft::WRL::Wrappers::Details::SyncLockWithStatusT<Microsoft::WRL::Wrappers::HandleTraits::MutexTraits>'에 대한 참조를 확인하세요.
C:\Program Files (x86)\Windows Kits\10\Include\10.0.22000.0\winrt\wrl\wrappers\corewrappers.h(176,6): warning C4265: 'Microsoft::WRL::Wrappers::HandleT<Microsoft::WRL::Wrappers::HandleTraits::SemaphoreTraits>': 클래스에 가상 함수가 있지만 non-trivial 소멸자가 가상이 아닙니다. 이 클래스의 인스턴스가 정확하게 소멸되지 않을 수 있습니다.
C:\Program Files (x86)\Windows Kits\10\Include\10.0.22000.0\winrt\wrl\wrappers\corewrappers.h(650,1): message : 컴파일되는 클래스 템플릿 인스턴스화 'Microsoft::WRL::Wrappers::HandleT<Microsoft::WRL::Wrappers::HandleTraits::SemaphoreTraits>'에 대한 참조를 확인하세요.
C:\Program Files (x86)\Windows Kits\10\Include\10.0.22000.0\winrt\wrl\wrappers\corewrappers.h(684,1): warning C4625: 'Microsoft::WRL::Wrappers::Semaphore': 복사 생성자가 암시적으로 삭제된 것으로 정의되었습니다.
C:\Program Files (x86)\Windows Kits\10\Include\10.0.22000.0\winrt\wrl\wrappers\corewrappers.h(684,1): warning C4626: 'Microsoft::WRL::Wrappers::Semaphore': 대입 연산자가 암시적으로 삭제된 것으로 정의되었습니다.
C:\Program Files (x86)\Windows Kits\10\Include\10.0.22000.0\winrt\wrl\wrappers\corewrappers.h(684,1): warning C4265: 'Microsoft::WRL::Wrappers::Semaphore': 클래스에 가상 함수가 있지만 non-trivial 소멸자가 가상이 아닙니다. 이 클래스의 인스턴스가 정확하게 소멸되지 않을 수 있습니다.
C:\Program Files (x86)\Windows Kits\10\Include\10.0.22000.0\winrt\wrl\wrappers\corewrappers.h(521,1): warning C4820: 'Microsoft::WRL::Wrappers::Details::SyncLockWithStatusT<Microsoft::WRL::Wrappers::HandleTraits::SemaphoreTraits>': '4' 바이트 패딩이 데이터 멤버 'Microsoft::WRL::Wrappers::Details::SyncLockWithStatusT<Microsoft::WRL::Wrappers::HandleTraits::SemaphoreTraits>::status_' 다음에 추가됨
C:\Program Files (x86)\Windows Kits\10\Include\10.0.22000.0\winrt\wrl\wrappers\corewrappers.h(669): message : 컴파일되는 클래스 템플릿 인스턴스화 'Microsoft::WRL::Wrappers::Details::SyncLockWithStatusT<Microsoft::WRL::Wrappers::HandleTraits::SemaphoreTraits>'에 대한 참조를 확인하세요.
C:\Program Files (x86)\Windows Kits\10\Include\10.0.22000.0\winrt\wrl\wrappers\corewrappers.h(176,6): warning C4265: 'Microsoft::WRL::Wrappers::HandleT<Microsoft::WRL::Wrappers::HandleTraits::EventTraits>': 클래스에 가상 함수가 있지만 non-trivial 소멸자가 가상이 아닙니다. 이 클래스의 인스턴스가 정확하게 소멸되지 않을 수 있습니다.
C:\Program Files (x86)\Windows Kits\10\Include\10.0.22000.0\winrt\wrl\wrappers\corewrappers.h(688,1): message : 컴파일되는 클래스 템플릿 인스턴스화 'Microsoft::WRL::Wrappers::HandleT<Microsoft::WRL::Wrappers::HandleTraits::EventTraits>'에 대한 참조를 확인하세요.
C:\Program Files (x86)\Windows Kits\10\Include\10.0.22000.0\winrt\wrl\wrappers\corewrappers.h(707,1): warning C4625: 'Microsoft::WRL::Wrappers::Event': 복사 생성자가 암시적으로 삭제된 것으로 정의되었습니다.
C:\Program Files (x86)\Windows Kits\10\Include\10.0.22000.0\winrt\wrl\wrappers\corewrappers.h(707,1): warning C4626: 'Microsoft::WRL::Wrappers::Event': 대입 연산자가 암시적으로 삭제된 것으로 정의되었습니다.
C:\Program Files (x86)\Windows Kits\10\Include\10.0.22000.0\winrt\wrl\wrappers\corewrappers.h(707,1): warning C4265: 'Microsoft::WRL::Wrappers::Event': 클래스에 가상 함수가 있지만 non-trivial 소멸자가 가상이 아닙니다. 이 클래스의 인스턴스가 정확하게 소멸되지 않을 수 있습니다.
C:\Program Files (x86)\Windows Kits\10\Include\10.0.22000.0\winrt\wrl\implements.h(1686,1): warning C4820: 'Microsoft::WRL::Details::RuntimeClassImpl<Microsoft::WRL::RuntimeClassFlags<2>,true,false,true,IUnknown>': '1' 바이트 패딩이 기본 클래스 'Microsoft::WRL::Details::DontUseNewUseMake' 다음에 추가됨
C:\Program Files (x86)\Windows Kits\10\Include\10.0.22000.0\winrt\wrl\implements.h(2207): message : 컴파일되는 클래스 템플릿 인스턴스화 'Microsoft::WRL::Details::RuntimeClassImpl<Microsoft::WRL::RuntimeClassFlags<2>,true,false,true,IUnknown>'에 대한 참조를 확인하세요.
C:\Program Files (x86)\Windows Kits\10\Include\10.0.22000.0\winrt\wrl\event.h(586,1): message : 컴파일되는 클래스 템플릿 인스턴스화 'Microsoft::WRL::RuntimeClass<Microsoft::WRL::RuntimeClassFlags<2>,IUnknown>'에 대한 참조를 확인하세요.
C:\Program Files (x86)\Windows Kits\10\Include\10.0.22000.0\winrt\wrl\implements.h(1687,1): warning C5220: 'Microsoft::WRL::Details::RuntimeClassImpl<Microsoft::WRL::RuntimeClassFlags<2>,true,false,true,IUnknown>::refcount_': 정규화된 volatile 형식이 포함된 비정적 데이터 멤버는
           컴파일러에서 생성된 복사/이동 생성자 및 복사/이동 할당 연산자가 트리비얼이 아님을 더 이상 의미하지 않습니다.
C:\Program Files (x86)\Windows Kits\10\Include\10.0.22000.0\winrt\wrl\implements.h(1686,19): message : 'Microsoft::WRL::Details::RuntimeClassImpl<Microsoft::WRL::RuntimeClassFlags<2>,true,false,true,IUnknown>::refcount_' 선언을 참조하십시오.
C:\Program Files (x86)\Windows Kits\10\Include\10.0.22000.0\winrt\wrl\event.h(663,1): warning C4625: 'Microsoft::WRL::Details::EventTargetArray': 복사 생성자가 암시적으로 삭제된 것으로 정의되었습니다.
C:\Program Files (x86)\Windows Kits\10\Include\10.0.22000.0\winrt\wrl\event.h(663,1): warning C4626: 'Microsoft::WRL::Details::EventTargetArray': 대입 연산자가 암시적으로 삭제된 것으로 정의되었습니다.
C:\Program Files (x86)\Windows Kits\10\Include\10.0.22000.0\winrt\wrl\event.h(646,13): warning C4365: 'return': '__int64'에서 'size_t'(으)로의 변환입니다. signed 또는 unsigned가 일치하지 않습니다.
C:\Program Files (x86)\Windows Kits\10\Include\10.0.22000.0\um\d3d12.h(1352,12): warning C4820: 'D3D12_SO_DECLARATION_ENTRY': '4' 바이트 패딩이 데이터 멤버 'D3D12_SO_DECLARATION_ENTRY::Stream' 다음에 추가됨
C:\Program Files (x86)\Windows Kits\10\Include\10.0.22000.0\um\d3d12.h(1357,5): warning C4820: 'D3D12_SO_DECLARATION_ENTRY': '1' 바이트 패딩이 데이터 멤버 'D3D12_SO_DECLARATION_ENTRY::OutputSlot' 다음에 추가됨
C:\Program Files (x86)\Windows Kits\10\Include\10.0.22000.0\um\d3d12.h(1430,32): warning C4820: 'D3D12_DEPTH_STENCIL_DESC': '2' 바이트 패딩이 데이터 멤버 'D3D12_DEPTH_STENCIL_DESC::StencilWriteMask' 다음에 추가됨
C:\Program Files (x86)\Windows Kits\10\Include\10.0.22000.0\um\d3d12.h(1442,32): warning C4820: 'D3D12_DEPTH_STENCIL_DESC1': '2' 바이트 패딩이 데이터 멤버 'D3D12_DEPTH_STENCIL_DESC1::StencilWriteMask' 다음에 추가됨
C:\Program Files (x86)\Windows Kits\10\Include\10.0.22000.0\um\d3d12.h(1522,5): warning C4820: 'D3D12_RENDER_TARGET_BLEND_DESC': '3' 바이트 패딩이 데이터 멤버 'D3D12_RENDER_TARGET_BLEND_DESC::RenderTargetWriteMask' 다음에 추가됨
C:\Program Files (x86)\Windows Kits\10\Include\10.0.22000.0\um\d3d12.h(1942,62): warning C4820: 'D3D12_STREAM_OUTPUT_DESC': '4' 바이트 패딩이 데이터 멤버 'D3D12_STREAM_OUTPUT_DESC::NumEntries' 다음에 추가됨
C:\Program Files (x86)\Windows Kits\10\Include\10.0.22000.0\um\d3d12.h(1951,5): warning C4820: 'D3D12_INPUT_LAYOUT_DESC': '4' 바이트 패딩이 데이터 멤버 'D3D12_INPUT_LAYOUT_DESC::NumElements' 다음에 추가됨
C:\Program Files (x86)\Windows Kits\10\Include\10.0.22000.0\um\d3d12.h(1988,29): warning C4820: 'D3D12_GRAPHICS_PIPELINE_STATE_DESC': '4' 바이트 패딩이 데이터 멤버 'D3D12_GRAPHICS_PIPELINE_STATE_DESC::DepthStencilState' 다음에 추가됨
C:\Program Files (x86)\Windows Kits\10\Include\10.0.22000.0\um\d3d12.h(1996,33): warning C4820: 'D3D12_GRAPHICS_PIPELINE_STATE_DESC': '4' 바이트 패딩이 데이터 멤버 'D3D12_GRAPHICS_PIPELINE_STATE_DESC::NodeMask' 다음에 추가됨
C:\Program Files (x86)\Windows Kits\10\Include\10.0.22000.0\um\d3d12.h(1998,5): warning C4820: 'D3D12_GRAPHICS_PIPELINE_STATE_DESC': '4' 바이트 패딩이 데이터 멤버 'D3D12_GRAPHICS_PIPELINE_STATE_DESC::Flags' 다음에 추가됨
C:\Program Files (x86)\Windows Kits\10\Include\10.0.22000.0\um\d3d12.h(2005,33): warning C4820: 'D3D12_COMPUTE_PIPELINE_STATE_DESC': '4' 바이트 패딩이 데이터 멤버 'D3D12_COMPUTE_PIPELINE_STATE_DESC::NodeMask' 다음에 추가됨
C:\Program Files (x86)\Windows Kits\10\Include\10.0.22000.0\um\d3d12.h(2007,5): warning C4820: 'D3D12_COMPUTE_PIPELINE_STATE_DESC': '4' 바이트 패딩이 데이터 멤버 'D3D12_COMPUTE_PIPELINE_STATE_DESC::Flags' 다음에 추가됨
C:\Program Files (x86)\Windows Kits\10\Include\10.0.22000.0\um\d3d12.h(2288,83): warning C4820: 'D3D12_FEATURE_DATA_FEATURE_LEVELS': '4' 바이트 패딩이 데이터 멤버 'D3D12_FEATURE_DATA_FEATURE_LEVELS::NumFeatureLevels' 다음에 추가됨
C:\Program Files (x86)\Windows Kits\10\Include\10.0.22000.0\um\d3d12.h(2290,5): warning C4820: 'D3D12_FEATURE_DATA_FEATURE_LEVELS': '4' 바이트 패딩이 데이터 멤버 'D3D12_FEATURE_DATA_FEATURE_LEVELS::MaxSupportedFeatureLevel' 다음에 추가됨
C:\Program Files (x86)\Windows Kits\10\Include\10.0.22000.0\um\d3d12.h(2330,5): warning C4820: 'D3D12_FEATURE_DATA_FORMAT_INFO': '3' 바이트 패딩이 데이터 멤버 'D3D12_FEATURE_DATA_FORMAT_INFO::PlaneCount' 다음에 추가됨
C:\Program Files (x86)\Windows Kits\10\Include\10.0.22000.0\um\d3d12.h(2497,90): warning C4820: 'D3D12_FEATURE_DATA_QUERY_META_COMMAND': '4' 바이트 패딩이 데이터 멤버 'D3D12_FEATURE_DATA_QUERY_META_COMMAND::NodeMask' 다음에 추가됨
C:\Program Files (x86)\Windows Kits\10\Include\10.0.22000.0\um\d3d12.h(2610,12): warning C4820: 'D3D12_HEAP_DESC': '4' 바이트 패딩이 데이터 멤버 'D3D12_HEAP_DESC::Properties' 다음에 추가됨
C:\Program Files (x86)\Windows Kits\10\Include\10.0.22000.0\um\d3d12.h(2612,5): warning C4820: 'D3D12_HEAP_DESC': '4' 바이트 패딩이 데이터 멤버 'D3D12_HEAP_DESC::Flags' 다음에 추가됨
C:\Program Files (x86)\Windows Kits\10\Include\10.0.22000.0\um\d3d12.h(2658,12): warning C4820: 'D3D12_RESOURCE_DESC': '4' 바이트 패딩이 데이터 멤버 'D3D12_RESOURCE_DESC::Dimension' 다음에 추가됨
C:\Program Files (x86)\Windows Kits\10\Include\10.0.22000.0\um\d3d12.h(2667,5): warning C4820: 'D3D12_RESOURCE_DESC': '4' 바이트 패딩이 데이터 멤버 'D3D12_RESOURCE_DESC::Flags' 다음에 추가됨
C:\Program Files (x86)\Windows Kits\10\Include\10.0.22000.0\um\d3d12.h(2672,12): warning C4820: 'D3D12_RESOURCE_DESC1': '4' 바이트 패딩이 데이터 멤버 'D3D12_RESOURCE_DESC1::Dimension' 다음에 추가됨
C:\Program Files (x86)\Windows Kits\10\Include\10.0.22000.0\um\d3d12.h(2688,5): warning C4820: 'D3D12_DEPTH_STENCIL_VALUE': '3' 바이트 패딩이 데이터 멤버 'D3D12_DEPTH_STENCIL_VALUE::Stencil' 다음에 추가됨
C:\Program Files (x86)\Windows Kits\10\Include\10.0.22000.0\um\d3d12.h(2715,24): warning C4820: 'D3D12_SUBRESOURCE_RANGE_UINT64': '4' 바이트 패딩이 데이터 멤버 'D3D12_SUBRESOURCE_RANGE_UINT64::Subresource' 다음에 추가됨
C:\Program Files (x86)\Windows Kits\10\Include\10.0.22000.0\um\d3d12.h(2770,10): warning C4820: 'D3D12_PACKED_MIP_INFO': '2' 바이트 패딩이 데이터 멤버 'D3D12_PACKED_MIP_INFO::NumPackedMips' 다음에 추가됨
C:\Program Files (x86)\Windows Kits\10\Include\10.0.22000.0\um\d3d12.h(2840,5): warning C4820: 'D3D12_RESOURCE_TRANSITION_BARRIER': '4' 바이트 패딩이 데이터 멤버 'D3D12_RESOURCE_TRANSITION_BARRIER::StateAfter' 다음에 추가됨
C:\Program Files (x86)\Windows Kits\10\Include\10.0.22000.0\um\d3d12.h(2887,5): warning C4820: 'D3D12_PLACED_SUBRESOURCE_FOOTPRINT': '4' 바이트 패딩이 데이터 멤버 'D3D12_PLACED_SUBRESOURCE_FOOTPRINT::Footprint' 다음에 추가됨
C:\Program Files (x86)\Windows Kits\10\Include\10.0.22000.0\um\d3d12.h(2904,12): warning C4820: 'D3D12_TEXTURE_COPY_LOCATION': '4' 바이트 패딩이 데이터 멤버 'D3D12_TEXTURE_COPY_LOCATION::Type' 다음에 추가됨
C:\Program Files (x86)\Windows Kits\10\Include\10.0.22000.0\um\d3d12.h(2941,101): warning C4820: 'D3D12_VIEW_INSTANCING_DESC': '4' 바이트 패딩이 데이터 멤버 'D3D12_VIEW_INSTANCING_DESC::ViewInstanceCount' 다음에 추가됨
C:\Program Files (x86)\Windows Kits\10\Include\10.0.22000.0\um\d3d12.h(2943,5): warning C4820: 'D3D12_VIEW_INSTANCING_DESC': '4' 바이트 패딩이 데이터 멤버 'D3D12_VIEW_INSTANCING_DESC::Flags' 다음에 추가됨
C:\Program Files (x86)\Windows Kits\10\Include\10.0.22000.0\um\d3d12.h(2980,5): warning C4820: 'D3D12_BUFFER_SRV': '4' 바이트 패딩이 데이터 멤버 'D3D12_BUFFER_SRV::Flags' 다음에 추가됨
C:\Program Files (x86)\Windows Kits\10\Include\10.0.22000.0\um\d3d12.h(3090,12): warning C4820: 'D3D12_SHADER_RESOURCE_VIEW_DESC': '4' 바이트 패딩이 데이터 멤버 'D3D12_SHADER_RESOURCE_VIEW_DESC::Shader4ComponentMapping' 다음에 추가됨
C:\Program Files (x86)\Windows Kits\10\Include\10.0.22000.0\um\d3d12.h(3097,5): warning C4820: 'D3D12_CONSTANT_BUFFER_VIEW_DESC': '4' 바이트 패딩이 데이터 멤버 'D3D12_CONSTANT_BUFFER_VIEW_DESC::SizeInBytes' 다음에 추가됨
C:\Program Files (x86)\Windows Kits\10\Include\10.0.22000.0\um\d3d12.h(3241,5): warning C4820: 'D3D12_BUFFER_UAV': '4' 바이트 패딩이 데이터 멤버 'D3D12_BUFFER_UAV::Flags' 다음에 추가됨
C:\Program Files (x86)\Windows Kits\10\Include\10.0.22000.0\um\d3d12.h(3307,5): warning C4820: 'D3D12_BUFFER_RTV': '4' 바이트 패딩이 데이터 멤버 'D3D12_BUFFER_RTV::NumElements' 다음에 추가됨
C:\Program Files (x86)\Windows Kits\10\Include\10.0.22000.0\um\d3d12.h(3521,92): warning C4820: 'D3D12_ROOT_DESCRIPTOR_TABLE': '4' 바이트 패딩이 데이터 멤버 'D3D12_ROOT_DESCRIPTOR_TABLE::NumDescriptorRanges' 다음에 추가됨
C:\Program Files (x86)\Windows Kits\10\Include\10.0.22000.0\um\d3d12.h(3568,12): warning C4820: 'D3D12_ROOT_PARAMETER': '4' 바이트 패딩이 데이터 멤버 'D3D12_ROOT_PARAMETER::ParameterType' 다음에 추가됨
C:\Program Files (x86)\Windows Kits\10\Include\10.0.22000.0\um\d3d12.h(3570,5): warning C4820: 'D3D12_ROOT_PARAMETER': '4' 바이트 패딩이 데이터 멤버 'D3D12_ROOT_PARAMETER::ShaderVisibility' 다음에 추가됨
C:\Program Files (x86)\Windows Kits\10\Include\10.0.22000.0\um\d3d12.h(3619,78): warning C4820: 'D3D12_ROOT_SIGNATURE_DESC': '4' 바이트 패딩이 데이터 멤버 'D3D12_ROOT_SIGNATURE_DESC::NumParameters' 다음에 추가됨
C:\Program Files (x86)\Windows Kits\10\Include\10.0.22000.0\um\d3d12.h(3621,91): warning C4820: 'D3D12_ROOT_SIGNATURE_DESC': '4' 바이트 패딩이 데이터 멤버 'D3D12_ROOT_SIGNATURE_DESC::NumStaticSamplers' 다음에 추가됨
C:\Program Files (x86)\Windows Kits\10\Include\10.0.22000.0\um\d3d12.h(3623,5): warning C4820: 'D3D12_ROOT_SIGNATURE_DESC': '4' 바이트 패딩이 데이터 멤버 'D3D12_ROOT_SIGNATURE_DESC::Flags' 다음에 추가됨
C:\Program Files (x86)\Windows Kits\10\Include\10.0.22000.0\um\d3d12.h(3650,93): warning C4820: 'D3D12_ROOT_DESCRIPTOR_TABLE1': '4' 바이트 패딩이 데이터 멤버 'D3D12_ROOT_DESCRIPTOR_TABLE1::NumDescriptorRanges' 다음에 추가됨
C:\Program Files (x86)\Windows Kits\10\Include\10.0.22000.0\um\d3d12.h(3678,12): warning C4820: 'D3D12_ROOT_PARAMETER1': '4' 바이트 패딩이 데이터 멤버 'D3D12_ROOT_PARAMETER1::ParameterType' 다음에 추가됨
C:\Program Files (x86)\Windows Kits\10\Include\10.0.22000.0\um\d3d12.h(3680,5): warning C4820: 'D3D12_ROOT_PARAMETER1': '4' 바이트 패딩이 데이터 멤버 'D3D12_ROOT_PARAMETER1::ShaderVisibility' 다음에 추가됨
C:\Program Files (x86)\Windows Kits\10\Include\10.0.22000.0\um\d3d12.h(3685,79): warning C4820: 'D3D12_ROOT_SIGNATURE_DESC1': '4' 바이트 패딩이 데이터 멤버 'D3D12_ROOT_SIGNATURE_DESC1::NumParameters' 다음에 추가됨
C:\Program Files (x86)\Windows Kits\10\Include\10.0.22000.0\um\d3d12.h(3687,91): warning C4820: 'D3D12_ROOT_SIGNATURE_DESC1': '4' 바이트 패딩이 데이터 멤버 'D3D12_ROOT_SIGNATURE_DESC1::NumStaticSamplers' 다음에 추가됨
C:\Program Files (x86)\Windows Kits\10\Include\10.0.22000.0\um\d3d12.h(3689,5): warning C4820: 'D3D12_ROOT_SIGNATURE_DESC1': '4' 바이트 패딩이 데이터 멤버 'D3D12_ROOT_SIGNATURE_DESC1::Flags' 다음에 추가됨
C:\Program Files (x86)\Windows Kits\10\Include\10.0.22000.0\um\d3d12.h(3698,12): warning C4820: 'D3D12_VERSIONED_ROOT_SIGNATURE_DESC': '4' 바이트 패딩이 데이터 멤버 'D3D12_VERSIONED_ROOT_SIGNATURE_DESC::Version' 다음에 추가됨
C:\Program Files (x86)\Windows Kits\10\Include\10.0.22000.0\um\d3d12.h(3945,51): warning C4820: 'D3D12_DISCARD_REGION': '4' 바이트 패딩이 데이터 멤버 'D3D12_DISCARD_REGION::NumRects' 다음에 추가됨
C:\Program Files (x86)\Windows Kits\10\Include\10.0.22000.0\um\d3d12.h(4127,5): warning C4820: 'D3D12_COMMAND_SIGNATURE_DESC': '4' 바이트 패딩이 데이터 멤버 'D3D12_COMMAND_SIGNATURE_DESC::NodeMask' 다음에 추가됨
C:\Program Files (x86)\Windows Kits\10\Include\10.0.22000.0\um\d3d12.h(7348,5): warning C4820: 'D3D12_WRITEBUFFERIMMEDIATE_PARAMETER': '4' 바이트 패딩이 데이터 멤버 'D3D12_WRITEBUFFERIMMEDIATE_PARAMETER::Value' 다음에 추가됨
C:\Program Files (x86)\Windows Kits\10\Include\10.0.22000.0\um\d3d12.h(12969,22): warning C4820: 'D3D12_STATE_SUBOBJECT': '4' 바이트 패딩이 데이터 멤버 'D3D12_STATE_SUBOBJECT::Type' 다음에 추가됨
C:\Program Files (x86)\Windows Kits\10\Include\10.0.22000.0\um\d3d12.h(13014,5): warning C4820: 'D3D12_EXPORT_DESC': '4' 바이트 패딩이 데이터 멤버 'D3D12_EXPORT_DESC::Flags' 다음에 추가됨
C:\Program Files (x86)\Windows Kits\10\Include\10.0.22000.0\um\d3d12.h(13020,56): warning C4820: 'D3D12_DXIL_LIBRARY_DESC': '4' 바이트 패딩이 데이터 멤버 'D3D12_DXIL_LIBRARY_DESC::NumExports' 다음에 추가됨
C:\Program Files (x86)\Windows Kits\10\Include\10.0.22000.0\um\d3d12.h(13027,56): warning C4820: 'D3D12_EXISTING_COLLECTION_DESC': '4' 바이트 패딩이 데이터 멤버 'D3D12_EXISTING_COLLECTION_DESC::NumExports' 다음에 추가됨
C:\Program Files (x86)\Windows Kits\10\Include\10.0.22000.0\um\d3d12.h(13034,46): warning C4820: 'D3D12_SUBOBJECT_TO_EXPORTS_ASSOCIATION': '4' 바이트 패딩이 데이터 멤버 'D3D12_SUBOBJECT_TO_EXPORTS_ASSOCIATION::NumExports' 다음에 추가됨
C:\Program Files (x86)\Windows Kits\10\Include\10.0.22000.0\um\d3d12.h(13041,46): warning C4820: 'D3D12_DXIL_SUBOBJECT_TO_EXPORTS_ASSOCIATION': '4' 바이트 패딩이 데이터 멤버 'D3D12_DXIL_SUBOBJECT_TO_EXPORTS_ASSOCIATION::NumExports' 다음에 추가됨
C:\Program Files (x86)\Windows Kits\10\Include\10.0.22000.0\um\d3d12.h(13055,23): warning C4820: 'D3D12_HIT_GROUP_DESC': '4' 바이트 패딩이 데이터 멤버 'D3D12_HIT_GROUP_DESC::Type' 다음에 추가됨
C:\Program Files (x86)\Windows Kits\10\Include\10.0.22000.0\um\d3d12.h(13223,5): warning C4820: 'D3D12_RAYTRACING_ACCELERATION_STRUCTURE_POSTBUILD_INFO_DESC': '4' 바이트 패딩이 데이터 멤버 'D3D12_RAYTRACING_ACCELERATION_STRUCTURE_POSTBUILD_INFO_DESC::InfoType' 다음에 추가됨
C:\Program Files (x86)\Windows Kits\10\Include\10.0.22000.0\um\d3d12.h(14200,39): warning C4820: 'D3D12_AUTO_BREADCRUMB_NODE': '4' 바이트 패딩이 데이터 멤버 'D3D12_AUTO_BREADCRUMB_NODE::BreadcrumbCount' 다음에 추가됨
C:\Program Files (x86)\Windows Kits\10\Include\10.0.22000.0\um\d3d12.h(14208,34): warning C4820: 'D3D12_DRED_BREADCRUMB_CONTEXT': '4' 바이트 패딩이 데이터 멤버 'D3D12_DRED_BREADCRUMB_CONTEXT::BreadcrumbIndex' 다음에 추가됨
C:\Program Files (x86)\Windows Kits\10\Include\10.0.22000.0\um\d3d12.h(14220,37): warning C4820: 'D3D12_AUTO_BREADCRUMB_NODE1': '4' 바이트 패딩이 데이터 멤버 'D3D12_AUTO_BREADCRUMB_NODE1::BreadcrumbCount' 다음에 추가됨
C:\Program Files (x86)\Windows Kits\10\Include\10.0.22000.0\um\d3d12.h(14224,55): warning C4820: 'D3D12_AUTO_BREADCRUMB_NODE1': '4' 바이트 패딩이 데이터 멤버 'D3D12_AUTO_BREADCRUMB_NODE1::BreadcrumbContextsCount' 다음에 추가됨
C:\Program Files (x86)\Windows Kits\10\Include\10.0.22000.0\um\d3d12.h(14256,63): warning C4820: 'D3D12_DEVICE_REMOVED_EXTENDED_DATA': '4' 바이트 패딩이 데이터 멤버 'D3D12_DEVICE_REMOVED_EXTENDED_DATA::Flags' 다음에 추가됨
C:\Program Files (x86)\Windows Kits\10\Include\10.0.22000.0\um\d3d12.h(14298,51): warning C4820: 'D3D12_DRED_ALLOCATION_NODE': '4' 바이트 패딩이 데이터 멤버 'D3D12_DRED_ALLOCATION_NODE::AllocationType' 다음에 추가됨
C:\Program Files (x86)\Windows Kits\10\Include\10.0.22000.0\um\d3d12.h(14306,52): warning C4820: 'D3D12_DRED_ALLOCATION_NODE1': '4' 바이트 패딩이 데이터 멤버 'D3D12_DRED_ALLOCATION_NODE1::AllocationType' 다음에 추가됨
C:\Program Files (x86)\Windows Kits\10\Include\10.0.22000.0\um\d3d12.h(14356,5): warning C4820: 'D3D12_DRED_PAGE_FAULT_OUTPUT2': '4' 바이트 패딩이 데이터 멤버 'D3D12_DRED_PAGE_FAULT_OUTPUT2::PageFaultFlags' 다음에 추가됨
C:\Program Files (x86)\Windows Kits\10\Include\10.0.22000.0\um\d3d12.h(14361,40): warning C4820: 'D3D12_DEVICE_REMOVED_EXTENDED_DATA1': '4' 바이트 패딩이 데이터 멤버 'D3D12_DEVICE_REMOVED_EXTENDED_DATA1::DeviceRemovedReason' 다음에 추가됨
C:\Program Files (x86)\Windows Kits\10\Include\10.0.22000.0\um\d3d12.h(14368,41): warning C4820: 'D3D12_DEVICE_REMOVED_EXTENDED_DATA2': '4' 바이트 패딩이 데이터 멤버 'D3D12_DEVICE_REMOVED_EXTENDED_DATA2::DeviceRemovedReason' 다음에 추가됨
C:\Program Files (x86)\Windows Kits\10\Include\10.0.22000.0\um\d3d12.h(14375,41): warning C4820: 'D3D12_DEVICE_REMOVED_EXTENDED_DATA3': '4' 바이트 패딩이 데이터 멤버 'D3D12_DEVICE_REMOVED_EXTENDED_DATA3::DeviceRemovedReason' 다음에 추가됨
C:\Program Files (x86)\Windows Kits\10\Include\10.0.22000.0\um\d3d12.h(14378,5): warning C4820: 'D3D12_DEVICE_REMOVED_EXTENDED_DATA3': '4' 바이트 패딩이 데이터 멤버 'D3D12_DEVICE_REMOVED_EXTENDED_DATA3::DeviceState' 다음에 추가됨
C:\Program Files (x86)\Windows Kits\10\Include\10.0.22000.0\um\d3d12.h(14389,12): warning C4820: 'D3D12_VERSIONED_DEVICE_REMOVED_EXTENDED_DATA': '4' 바이트 패딩이 데이터 멤버 'D3D12_VERSIONED_DEVICE_REMOVED_EXTENDED_DATA::Version' 다음에 추가됨
C:\Program Files (x86)\Windows Kits\10\Include\10.0.22000.0\um\d3d12.h(18893,134): warning C4820: 'D3D12_RENDER_PASS_ENDING_ACCESS_RESOLVE_PARAMETERS': '4' 바이트 패딩이 데이터 멤버 'D3D12_RENDER_PASS_ENDING_ACCESS_RESOLVE_PARAMETERS::SubresourceCount' 다음에 추가됨
C:\Program Files (x86)\Windows Kits\10\Include\10.0.22000.0\um\d3d12.h(18897,5): warning C4820: 'D3D12_RENDER_PASS_ENDING_ACCESS_RESOLVE_PARAMETERS': '4' 바이트 패딩이 데이터 멤버 'D3D12_RENDER_PASS_ENDING_ACCESS_RESOLVE_PARAMETERS::PreserveResolveSource' 다음에 추가됨
C:\Program Files (x86)\Windows Kits\10\Include\10.0.22000.0\um\d3d12.h(18905,12): warning C4820: 'D3D12_RENDER_PASS_ENDING_ACCESS': '4' 바이트 패딩이 데이터 멤버 'D3D12_RENDER_PASS_ENDING_ACCESS::Type' 다음에 추가됨
C:\Program Files (x86)\Windows Kits\10\Include\10.0.22000.0\um\d3d12.h(19085,5): warning C4820: 'D3D12_DISPATCH_RAYS_DESC': '4' 바이트 패딩이 데이터 멤버 'D3D12_DISPATCH_RAYS_DESC::Depth' 다음에 추가됨
C:\Program Files (x86)\Windows Kits\10\Include\10.0.22000.0\um\d3d12.h(19966,12): warning C4820: 'D3D12_SHADER_CACHE_SESSION_DESC': '4' 바이트 패딩이 데이터 멤버 'D3D12_SHADER_CACHE_SESSION_DESC::MaximumValueFileSizeBytes' 다음에 추가됨
C:\Program Files (x86)\Windows Kits\10\Include\10.0.22000.0\um\d3d12sdklayers.h(2755,66): warning C4820: 'D3D12_MESSAGE': '4' 바이트 패딩이 데이터 멤버 'D3D12_MESSAGE::ID' 다음에 추가됨
C:\Program Files (x86)\Windows Kits\10\Include\10.0.22000.0\um\d3d12sdklayers.h(2762,71): warning C4820: 'D3D12_INFO_QUEUE_FILTER_DESC': '4' 바이트 패딩이 데이터 멤버 'D3D12_INFO_QUEUE_FILTER_DESC::NumCategories' 다음에 추가됨
C:\Program Files (x86)\Windows Kits\10\Include\10.0.22000.0\um\d3d12sdklayers.h(2764,71): warning C4820: 'D3D12_INFO_QUEUE_FILTER_DESC': '4' 바이트 패딩이 데이터 멤버 'D3D12_INFO_QUEUE_FILTER_DESC::NumSeverities' 다음에 추가됨
C:\Program Files (x86)\Windows Kits\10\Include\10.0.22000.0\um\d3d12sdklayers.h(2766,52): warning C4820: 'D3D12_INFO_QUEUE_FILTER_DESC': '4' 바이트 패딩이 데이터 멤버 'D3D12_INFO_QUEUE_FILTER_DESC::NumIDs' 다음에 추가됨
C:\Program Files (x86)\Windows Kits\10\Include\10.0.22000.0\shared\dxgi.h(182,19): warning C4820: 'DXGI_FRAME_STATISTICS': '4' 바이트 패딩이 데이터 멤버 'DXGI_FRAME_STATISTICS::SyncRefreshCount' 다음에 추가됨
C:\Program Files (x86)\Windows Kits\10\Include\10.0.22000.0\shared\dxgi.h(189,16): warning C4820: 'DXGI_MAPPED_RECT': '4' 바이트 패딩이 데이터 멤버 'DXGI_MAPPED_RECT::Pitch' 다음에 추가됨
C:\Program Files (x86)\Windows Kits\10\Include\10.0.22000.0\shared\dxgi.h(299,10): warning C4820: 'DXGI_SWAP_CHAIN_DESC': '4' 바이트 패딩이 데이터 멤버 'DXGI_SWAP_CHAIN_DESC::BufferCount' 다음에 추가됨
C:\Program Files (x86)\Windows Kits\10\Include\10.0.22000.0\shared\dxgi.h(303,5): warning C4820: 'DXGI_SWAP_CHAIN_DESC': '4' 바이트 패딩이 데이터 멤버 'DXGI_SWAP_CHAIN_DESC::Flags' 다음에 추가됨
C:\Program Files (x86)\Windows Kits\10\Include\10.0.22000.0\shared\dxgi.h(2528,5): warning C4820: 'DXGI_ADAPTER_DESC1': '4' 바이트 패딩이 데이터 멤버 'DXGI_ADAPTER_DESC1::Flags' 다음에 추가됨
C:\Program Files (x86)\Windows Kits\10\Include\10.0.22000.0\shared\dxgi1_2.h(1286,62): warning C4820: 'DXGI_PRESENT_PARAMETERS': '4' 바이트 패딩이 데이터 멤버 'DXGI_PRESENT_PARAMETERS::DirtyRectsCount' 다음에 추가됨
C:\Program Files (x86)\Windows Kits\10\Include\10.0.22000.0\shared\dxgi1_2.h(2119,5): warning C4820: 'DXGI_ADAPTER_DESC2': '4' 바이트 패딩이 데이터 멤버 'DXGI_ADAPTER_DESC2::ComputePreemptionGranularity' 다음에 추가됨
C:\Program Files (x86)\Windows Kits\10\Include\10.0.22000.0\shared\dxgi1_3.h(1796,19): warning C4820: 'DXGI_FRAME_STATISTICS_MEDIA': '4' 바이트 패딩이 데이터 멤버 'DXGI_FRAME_STATISTICS_MEDIA::SyncRefreshCount' 다음에 추가됨
C:\Program Files (x86)\Windows Kits\10\Include\10.0.22000.0\shared\dxgi1_6.h(122,5): warning C4820: 'DXGI_ADAPTER_DESC3': '4' 바이트 패딩이 데이터 멤버 'DXGI_ADAPTER_DESC3::ComputePreemptionGranularity' 다음에 추가됨
C:\Program Files (x86)\Windows Kits\10\Include\10.0.22000.0\shared\dxgi1_6.h(400,5): warning C4820: 'DXGI_OUTPUT_DESC1': '4' 바이트 패딩이 데이터 멤버 'DXGI_OUTPUT_DESC1::MaxFullFrameLuminance' 다음에 추가됨
C:\Program Files (x86)\Windows Kits\10\Include\10.0.22000.0\um\d3d11shader.h(58,33): warning C4820: '_D3D11_SIGNATURE_PARAMETER_DESC': '2' 바이트 패딩이 데이터 멤버 '_D3D11_SIGNATURE_PARAMETER_DESC::ReadWriteMask' 다음에 추가됨
C:\Program Files (x86)\Windows Kits\10\Include\10.0.22000.0\um\d3d11shader.h(60,1): warning C4820: '_D3D11_SIGNATURE_PARAMETER_DESC': '4' 바이트 패딩이 데이터 멤버 '_D3D11_SIGNATURE_PARAMETER_DESC::MinPrecision' 다음에 추가됨
C:\Program Files (x86)\Windows Kits\10\Include\10.0.22000.0\um\d3d11shader.h(77,29): warning C4820: '_D3D11_SHADER_VARIABLE_DESC': '4' 바이트 패딩이 데이터 멤버 '_D3D11_SHADER_VARIABLE_DESC::uFlags' 다음에 추가됨
C:\Program Files (x86)\Windows Kits\10\Include\10.0.22000.0\um\d3d11shader.h(93,33): warning C4820: '_D3D11_SHADER_TYPE_DESC': '4' 바이트 패딩이 데이터 멤버 '_D3D11_SHADER_TYPE_DESC::Offset' 다음에 추가됨
C:\Program Files (x86)\Windows Kits\10\Include\10.0.22000.0\um\d3d11shader.h(105,29): warning C4820: '_D3D11_SHADER_DESC': '4' 바이트 패딩이 데이터 멤버 '_D3D11_SHADER_DESC::Version' 다음에 추가됨
C:\Program Files (x86)\Windows Kits\10\Include\10.0.22000.0\um\d3d11shader.h(158,1): warning C4820: '_D3D11_SHADER_INPUT_BIND_DESC': '4' 바이트 패딩이 데이터 멤버 '_D3D11_SHADER_INPUT_BIND_DESC::NumSamples' 다음에 추가됨
C:\Program Files (x86)\Windows Kits\10\Include\10.0.22000.0\um\d3d11shader.h(181,29): warning C4820: '_D3D11_FUNCTION_DESC': '4' 바이트 패딩이 데이터 멤버 '_D3D11_FUNCTION_DESC::Version' 다음에 추가됨
C:\Program Files (x86)\Windows Kits\10\Include\10.0.22000.0\um\d3d11shader.h(209,29): warning C4820: '_D3D11_FUNCTION_DESC': '4' 바이트 패딩이 데이터 멤버 '_D3D11_FUNCTION_DESC::MinFeatureLevel' 다음에 추가됨
C:\Program Files (x86)\Windows Kits\10\Include\10.0.22000.0\um\d3d12shader.h(58,33): warning C4820: '_D3D12_SIGNATURE_PARAMETER_DESC': '2' 바이트 패딩이 데이터 멤버 '_D3D12_SIGNATURE_PARAMETER_DESC::ReadWriteMask' 다음에 추가됨
C:\Program Files (x86)\Windows Kits\10\Include\10.0.22000.0\um\d3d12shader.h(60,1): warning C4820: '_D3D12_SIGNATURE_PARAMETER_DESC': '4' 바이트 패딩이 데이터 멤버 '_D3D12_SIGNATURE_PARAMETER_DESC::MinPrecision' 다음에 추가됨
C:\Program Files (x86)\Windows Kits\10\Include\10.0.22000.0\um\d3d12shader.h(77,29): warning C4820: '_D3D12_SHADER_VARIABLE_DESC': '4' 바이트 패딩이 데이터 멤버 '_D3D12_SHADER_VARIABLE_DESC::uFlags' 다음에 추가됨
C:\Program Files (x86)\Windows Kits\10\Include\10.0.22000.0\um\d3d12shader.h(93,33): warning C4820: '_D3D12_SHADER_TYPE_DESC': '4' 바이트 패딩이 데이터 멤버 '_D3D12_SHADER_TYPE_DESC::Offset' 다음에 추가됨
C:\Program Files (x86)\Windows Kits\10\Include\10.0.22000.0\um\d3d12shader.h(105,29): warning C4820: '_D3D12_SHADER_DESC': '4' 바이트 패딩이 데이터 멤버 '_D3D12_SHADER_DESC::Version' 다음에 추가됨
C:\Program Files (x86)\Windows Kits\10\Include\10.0.22000.0\um\d3d12shader.h(160,1): warning C4820: '_D3D12_SHADER_INPUT_BIND_DESC': '4' 바이트 패딩이 데이터 멤버 '_D3D12_SHADER_INPUT_BIND_DESC::uID' 다음에 추가됨
C:\Program Files (x86)\Windows Kits\10\Include\10.0.22000.0\um\d3d12shader.h(202,29): warning C4820: '_D3D12_FUNCTION_DESC': '4' 바이트 패딩이 데이터 멤버 '_D3D12_FUNCTION_DESC::Version' 다음에 추가됨
C:\Program Files (x86)\Windows Kits\10\Include\10.0.22000.0\um\d3d12shader.h(230,29): warning C4820: '_D3D12_FUNCTION_DESC': '4' 바이트 패딩이 데이터 멤버 '_D3D12_FUNCTION_DESC::MinFeatureLevel' 다음에 추가됨
C:\Program Files (x86)\Windows Kits\10\Include\10.0.22000.0\um\DirectXMath.h(22,127): warning C4668: '_MANAGED'은(는) 전처리기 매크로로 정의되어 있지 않으므로 '#if/#elif'에 해당하는 '0'으로 바뀝니다.
C:\Program Files (x86)\Windows Kits\10\Include\10.0.22000.0\um\DirectXMath.h(22,142): warning C4668: '_M_CEE'은(는) 전처리기 매크로로 정의되어 있지 않으므로 '#if/#elif'에 해당하는 '0'으로 바뀝니다.
C:\Users\jione\Desktop\펄어비스\DirectX12_terrain\DirectX12\Source\Engine\Common\d3dx12.h(106,9): warning C4061: 열거형 'D3D12_RESOURCE_DIMENSION'의 switch에 있는 'D3D12_RESOURCE_DIMENSION_UNKNOWN' 열거자는 case 레이블에 의해 명시적으로 처리되지 않습니다.
C:\Program Files (x86)\Windows Kits\10\Include\10.0.22000.0\um\d3d12.h(2615,6): message : 'D3D12_RESOURCE_DIMENSION' 선언을 참조하십시오.
C:\Users\jione\Desktop\펄어비스\DirectX12_terrain\DirectX12\Source\Engine\Common\d3dx12.h(820,1): warning C4365: '=': 'int'에서 'UINT'(으)로의 변환입니다. signed 또는 unsigned가 일치하지 않습니다.
C:\Users\jione\Desktop\펄어비스\DirectX12_terrain\DirectX12\Source\Engine\Common\d3dx12.h(1809,9): warning C4365: 'return': 'int'에서 'UINT16'(으)로의 변환입니다. signed 또는 unsigned가 일치하지 않습니다.
C:\Users\jione\Desktop\펄어비스\DirectX12_terrain\DirectX12\Source\Engine\Common\d3dx12.h(1813,9): warning C4365: 'return': 'int'에서 'UINT16'(으)로의 변환입니다. signed 또는 unsigned가 일치하지 않습니다.
C:\Users\jione\Desktop\펄어비스\DirectX12_terrain\DirectX12\Source\Engine\Common\d3dx12.h(1821,9): warning C4365: 'return': 'int'에서 'UINT'(으)로의 변환입니다. signed 또는 unsigned가 일치하지 않습니다.
C:\Users\jione\Desktop\펄어비스\DirectX12_terrain\DirectX12\Source\Engine\Common\d3dx12.h(1946,9): warning C4365: 'return': 'int'에서 'UINT16'(으)로의 변환입니다. signed 또는 unsigned가 일치하지 않습니다.
C:\Users\jione\Desktop\펄어비스\DirectX12_terrain\DirectX12\Source\Engine\Common\d3dx12.h(1950,9): warning C4365: 'return': 'int'에서 'UINT16'(으)로의 변환입니다. signed 또는 unsigned가 일치하지 않습니다.
C:\Users\jione\Desktop\펄어비스\DirectX12_terrain\DirectX12\Source\Engine\Common\d3dx12.h(1958,9): warning C4365: 'return': 'int'에서 'UINT'(으)로의 변환입니다. signed 또는 unsigned가 일치하지 않습니다.
C:\Users\jione\Desktop\펄어비스\DirectX12_terrain\DirectX12\Source\Engine\Common\d3dx12.h(2582,35): warning C4820: 'D3DX12_MESH_SHADER_PIPELINE_STATE_DESC': '4' 바이트 패딩이 데이터 멤버 'D3DX12_MESH_SHADER_PIPELINE_STATE_DESC::NodeMask' 다음에 추가됨
C:\Users\jione\Desktop\펄어비스\DirectX12_terrain\DirectX12\Source\Engine\Common\d3dx12.h(2584,1): warning C4820: 'D3DX12_MESH_SHADER_PIPELINE_STATE_DESC': '4' 바이트 패딩이 데이터 멤버 'D3DX12_MESH_SHADER_PIPELINE_STATE_DESC::Flags' 다음에 추가됨
C:\Users\jione\Desktop\펄어비스\DirectX12_terrain\DirectX12\Source\Engine\Common\d3dx12.h(2489,1): warning C4820: 'CD3DX12_PIPELINE_STATE_STREAM_SUBOBJECT<ID3D12RootSignature *,D3D12_PIPELINE_STATE_SUBOBJECT_TYPE_ROOT_SIGNATURE,InnerStructType>': '4' 바이트 패딩이 데이터 멤버 'CD3DX12_PIPELINE_STATE_STREAM_SUBOBJECT<ID3D12RootSignature *,D3D12_PIPELINE_STATE_SUBOBJECT_TYPE_ROOT_SIGNATURE,InnerStructType>::_Type' 다음에 추가됨
          with
          [
              InnerStructType=ID3D12RootSignature *
          ]
C:\Users\jione\Desktop\펄어비스\DirectX12_terrain\DirectX12\Source\Engine\Common\d3dx12.h(2645,50): message : 컴파일되는 클래스 템플릿 인스턴스화 'CD3DX12_PIPELINE_STATE_STREAM_SUBOBJECT<ID3D12RootSignature *,D3D12_PIPELINE_STATE_SUBOBJECT_TYPE_ROOT_SIGNATURE,InnerStructType>'에 대한 참조를 확인하세요.
          with
          [
              InnerStructType=ID3D12RootSignature *
          ]
C:\Users\jione\Desktop\펄어비스\DirectX12_terrain\DirectX12\Source\Engine\Common\d3dx12.h(2489,1): warning C4820: 'CD3DX12_PIPELINE_STATE_STREAM_SUBOBJECT<D3D12_INPUT_LAYOUT_DESC,D3D12_PIPELINE_STATE_SUBOBJECT_TYPE_INPUT_LAYOUT,InnerStructType>': '4' 바이트 패딩이 데이터 멤버 'CD3DX12_PIPELINE_STATE_STREAM_SUBOBJECT<D3D12_INPUT_LAYOUT_DESC,D3D12_PIPELINE_STATE_SUBOBJECT_TYPE_INPUT_LAYOUT,InnerStructType>::_Type' 다음에 추가됨
          with
          [
              InnerStructType=D3D12_INPUT_LAYOUT_DESC
          ]
C:\Users\jione\Desktop\펄어비스\DirectX12_terrain\DirectX12\Source\Engine\Common\d3dx12.h(2646,48): message : 컴파일되는 클래스 템플릿 인스턴스화 'CD3DX12_PIPELINE_STATE_STREAM_SUBOBJECT<D3D12_INPUT_LAYOUT_DESC,D3D12_PIPELINE_STATE_SUBOBJECT_TYPE_INPUT_LAYOUT,InnerStructType>'에 대한 참조를 확인하세요.
          with
          [
              InnerStructType=D3D12_INPUT_LAYOUT_DESC
          ]
C:\Users\jione\Desktop\펄어비스\DirectX12_terrain\DirectX12\Source\Engine\Common\d3dx12.h(2489,1): warning C4820: 'CD3DX12_PIPELINE_STATE_STREAM_SUBOBJECT<D3D12_SHADER_BYTECODE,D3D12_PIPELINE_STATE_SUBOBJECT_TYPE_VS,InnerStructType>': '4' 바이트 패딩이 데이터 멤버 'CD3DX12_PIPELINE_STATE_STREAM_SUBOBJECT<D3D12_SHADER_BYTECODE,D3D12_PIPELINE_STATE_SUBOBJECT_TYPE_VS,InnerStructType>::_Type' 다음에 추가됨
          with
          [
              InnerStructType=D3D12_SHADER_BYTECODE
          ]
C:\Users\jione\Desktop\펄어비스\DirectX12_terrain\DirectX12\Source\Engine\Common\d3dx12.h(2649,38): message : 컴파일되는 클래스 템플릿 인스턴스화 'CD3DX12_PIPELINE_STATE_STREAM_SUBOBJECT<D3D12_SHADER_BYTECODE,D3D12_PIPELINE_STATE_SUBOBJECT_TYPE_VS,InnerStructType>'에 대한 참조를 확인하세요.
          with
          [
              InnerStructType=D3D12_SHADER_BYTECODE
          ]
C:\Users\jione\Desktop\펄어비스\DirectX12_terrain\DirectX12\Source\Engine\Common\d3dx12.h(2489,1): warning C4820: 'CD3DX12_PIPELINE_STATE_STREAM_SUBOBJECT<D3D12_SHADER_BYTECODE,D3D12_PIPELINE_STATE_SUBOBJECT_TYPE_GS,InnerStructType>': '4' 바이트 패딩이 데이터 멤버 'CD3DX12_PIPELINE_STATE_STREAM_SUBOBJECT<D3D12_SHADER_BYTECODE,D3D12_PIPELINE_STATE_SUBOBJECT_TYPE_GS,InnerStructType>::_Type' 다음에 추가됨
          with
          [
              InnerStructType=D3D12_SHADER_BYTECODE
          ]
C:\Users\jione\Desktop\펄어비스\DirectX12_terrain\DirectX12\Source\Engine\Common\d3dx12.h(2650,38): message : 컴파일되는 클래스 템플릿 인스턴스화 'CD3DX12_PIPELINE_STATE_STREAM_SUBOBJECT<D3D12_SHADER_BYTECODE,D3D12_PIPELINE_STATE_SUBOBJECT_TYPE_GS,InnerStructType>'에 대한 참조를 확인하세요.
          with
          [
              InnerStructType=D3D12_SHADER_BYTECODE
          ]
C:\Users\jione\Desktop\펄어비스\DirectX12_terrain\DirectX12\Source\Engine\Common\d3dx12.h(2489,1): warning C4820: 'CD3DX12_PIPELINE_STATE_STREAM_SUBOBJECT<D3D12_STREAM_OUTPUT_DESC,D3D12_PIPELINE_STATE_SUBOBJECT_TYPE_STREAM_OUTPUT,InnerStructType>': '4' 바이트 패딩이 데이터 멤버 'CD3DX12_PIPELINE_STATE_STREAM_SUBOBJECT<D3D12_STREAM_OUTPUT_DESC,D3D12_PIPELINE_STATE_SUBOBJECT_TYPE_STREAM_OUTPUT,InnerStructType>::_Type' 다음에 추가됨
          with
          [
              InnerStructType=D3D12_STREAM_OUTPUT_DESC
          ]
C:\Users\jione\Desktop\펄어비스\DirectX12_terrain\DirectX12\Source\Engine\Common\d3dx12.h(2651,49): message : 컴파일되는 클래스 템플릿 인스턴스화 'CD3DX12_PIPELINE_STATE_STREAM_SUBOBJECT<D3D12_STREAM_OUTPUT_DESC,D3D12_PIPELINE_STATE_SUBOBJECT_TYPE_STREAM_OUTPUT,InnerStructType>'에 대한 참조를 확인하세요.
          with
          [
              InnerStructType=D3D12_STREAM_OUTPUT_DESC
          ]
C:\Users\jione\Desktop\펄어비스\DirectX12_terrain\DirectX12\Source\Engine\Common\d3dx12.h(2489,1): warning C4820: 'CD3DX12_PIPELINE_STATE_STREAM_SUBOBJECT<D3D12_SHADER_BYTECODE,D3D12_PIPELINE_STATE_SUBOBJECT_TYPE_HS,InnerStructType>': '4' 바이트 패딩이 데이터 멤버 'CD3DX12_PIPELINE_STATE_STREAM_SUBOBJECT<D3D12_SHADER_BYTECODE,D3D12_PIPELINE_STATE_SUBOBJECT_TYPE_HS,InnerStructType>::_Type' 다음에 추가됨
          with
          [
              InnerStructType=D3D12_SHADER_BYTECODE
          ]
C:\Users\jione\Desktop\펄어비스\DirectX12_terrain\DirectX12\Source\Engine\Common\d3dx12.h(2652,38): message : 컴파일되는 클래스 템플릿 인스턴스화 'CD3DX12_PIPELINE_STATE_STREAM_SUBOBJECT<D3D12_SHADER_BYTECODE,D3D12_PIPELINE_STATE_SUBOBJECT_TYPE_HS,InnerStructType>'에 대한 참조를 확인하세요.
          with
          [
              InnerStructType=D3D12_SHADER_BYTECODE
          ]
C:\Users\jione\Desktop\펄어비스\DirectX12_terrain\DirectX12\Source\Engine\Common\d3dx12.h(2489,1): warning C4820: 'CD3DX12_PIPELINE_STATE_STREAM_SUBOBJECT<D3D12_SHADER_BYTECODE,D3D12_PIPELINE_STATE_SUBOBJECT_TYPE_DS,InnerStructType>': '4' 바이트 패딩이 데이터 멤버 'CD3DX12_PIPELINE_STATE_STREAM_SUBOBJECT<D3D12_SHADER_BYTECODE,D3D12_PIPELINE_STATE_SUBOBJECT_TYPE_DS,InnerStructType>::_Type' 다음에 추가됨
          with
          [
              InnerStructType=D3D12_SHADER_BYTECODE
          ]
C:\Users\jione\Desktop\펄어비스\DirectX12_terrain\DirectX12\Source\Engine\Common\d3dx12.h(2653,38): message : 컴파일되는 클래스 템플릿 인스턴스화 'CD3DX12_PIPELINE_STATE_STREAM_SUBOBJECT<D3D12_SHADER_BYTECODE,D3D12_PIPELINE_STATE_SUBOBJECT_TYPE_DS,InnerStructType>'에 대한 참조를 확인하세요.
          with
          [
              InnerStructType=D3D12_SHADER_BYTECODE
          ]
C:\Users\jione\Desktop\펄어비스\DirectX12_terrain\DirectX12\Source\Engine\Common\d3dx12.h(2489,1): warning C4820: 'CD3DX12_PIPELINE_STATE_STREAM_SUBOBJECT<D3D12_SHADER_BYTECODE,D3D12_PIPELINE_STATE_SUBOBJECT_TYPE_PS,InnerStructType>': '4' 바이트 패딩이 데이터 멤버 'CD3DX12_PIPELINE_STATE_STREAM_SUBOBJECT<D3D12_SHADER_BYTECODE,D3D12_PIPELINE_STATE_SUBOBJECT_TYPE_PS,InnerStructType>::_Type' 다음에 추가됨
          with
          [
              InnerStructType=D3D12_SHADER_BYTECODE
          ]
C:\Users\jione\Desktop\펄어비스\DirectX12_terrain\DirectX12\Source\Engine\Common\d3dx12.h(2654,38): message : 컴파일되는 클래스 템플릿 인스턴스화 'CD3DX12_PIPELINE_STATE_STREAM_SUBOBJECT<D3D12_SHADER_BYTECODE,D3D12_PIPELINE_STATE_SUBOBJECT_TYPE_PS,InnerStructType>'에 대한 참조를 확인하세요.
          with
          [
              InnerStructType=D3D12_SHADER_BYTECODE
          ]
C:\Users\jione\Desktop\펄어비스\DirectX12_terrain\DirectX12\Source\Engine\Common\d3dx12.h(2489,1): warning C4820: 'CD3DX12_PIPELINE_STATE_STREAM_SUBOBJECT<D3D12_SHADER_BYTECODE,D3D12_PIPELINE_STATE_SUBOBJECT_TYPE_AS,InnerStructType>': '4' 바이트 패딩이 데이터 멤버 'CD3DX12_PIPELINE_STATE_STREAM_SUBOBJECT<D3D12_SHADER_BYTECODE,D3D12_PIPELINE_STATE_SUBOBJECT_TYPE_AS,InnerStructType>::_Type' 다음에 추가됨
          with
          [
              InnerStructType=D3D12_SHADER_BYTECODE
          ]
C:\Users\jione\Desktop\펄어비스\DirectX12_terrain\DirectX12\Source\Engine\Common\d3dx12.h(2655,38): message : 컴파일되는 클래스 템플릿 인스턴스화 'CD3DX12_PIPELINE_STATE_STREAM_SUBOBJECT<D3D12_SHADER_BYTECODE,D3D12_PIPELINE_STATE_SUBOBJECT_TYPE_AS,InnerStructType>'에 대한 참조를 확인하세요.
          with
          [
              InnerStructType=D3D12_SHADER_BYTECODE
          ]
C:\Users\jione\Desktop\펄어비스\DirectX12_terrain\DirectX12\Source\Engine\Common\d3dx12.h(2489,1): warning C4820: 'CD3DX12_PIPELINE_STATE_STREAM_SUBOBJECT<D3D12_SHADER_BYTECODE,D3D12_PIPELINE_STATE_SUBOBJECT_TYPE_MS,InnerStructType>': '4' 바이트 패딩이 데이터 멤버 'CD3DX12_PIPELINE_STATE_STREAM_SUBOBJECT<D3D12_SHADER_BYTECODE,D3D12_PIPELINE_STATE_SUBOBJECT_TYPE_MS,InnerStructType>::_Type' 다음에 추가됨
          with
          [
              InnerStructType=D3D12_SHADER_BYTECODE
          ]
C:\Users\jione\Desktop\펄어비스\DirectX12_terrain\DirectX12\Source\Engine\Common\d3dx12.h(2656,38): message : 컴파일되는 클래스 템플릿 인스턴스화 'CD3DX12_PIPELINE_STATE_STREAM_SUBOBJECT<D3D12_SHADER_BYTECODE,D3D12_PIPELINE_STATE_SUBOBJECT_TYPE_MS,InnerStructType>'에 대한 참조를 확인하세요.
          with
          [
              InnerStructType=D3D12_SHADER_BYTECODE
          ]
C:\Users\jione\Desktop\펄어비스\DirectX12_terrain\DirectX12\Source\Engine\Common\d3dx12.h(2489,1): warning C4820: 'CD3DX12_PIPELINE_STATE_STREAM_SUBOBJECT<D3D12_SHADER_BYTECODE,D3D12_PIPELINE_STATE_SUBOBJECT_TYPE_CS,InnerStructType>': '4' 바이트 패딩이 데이터 멤버 'CD3DX12_PIPELINE_STATE_STREAM_SUBOBJECT<D3D12_SHADER_BYTECODE,D3D12_PIPELINE_STATE_SUBOBJECT_TYPE_CS,InnerStructType>::_Type' 다음에 추가됨
          with
          [
              InnerStructType=D3D12_SHADER_BYTECODE
          ]
C:\Users\jione\Desktop\펄어비스\DirectX12_terrain\DirectX12\Source\Engine\Common\d3dx12.h(2657,38): message : 컴파일되는 클래스 템플릿 인스턴스화 'CD3DX12_PIPELINE_STATE_STREAM_SUBOBJECT<D3D12_SHADER_BYTECODE,D3D12_PIPELINE_STATE_SUBOBJECT_TYPE_CS,InnerStructType>'에 대한 참조를 확인하세요.
          with
          [
              InnerStructType=D3D12_SHADER_BYTECODE
          ]
C:\Users\jione\Desktop\펄어비스\DirectX12_terrain\DirectX12\Source\Engine\Common\d3dx12.h(2498,1): warning C4820: 'CD3DX12_PIPELINE_STATE_STREAM_SUBOBJECT<CD3DX12_BLEND_DESC,D3D12_PIPELINE_STATE_SUBOBJECT_TYPE_BLEND,CD3DX12_DEFAULT>': '4' 바이트 패딩이 데이터 멤버 'CD3DX12_PIPELINE_STATE_STREAM_SUBOBJECT<CD3DX12_BLEND_DESC,D3D12_PIPELINE_STATE_SUBOBJECT_TYPE_BLEND,CD3DX12_DEFAULT>::_Inner' 다음에 추가됨
C:\Users\jione\Desktop\펄어비스\DirectX12_terrain\DirectX12\Source\Engine\Common\d3dx12.h(2658,46): message : 컴파일되는 클래스 템플릿 인스턴스화 'CD3DX12_PIPELINE_STATE_STREAM_SUBOBJECT<CD3DX12_BLEND_DESC,D3D12_PIPELINE_STATE_SUBOBJECT_TYPE_BLEND,CD3DX12_DEFAULT>'에 대한 참조를 확인하세요.
C:\Users\jione\Desktop\펄어비스\DirectX12_terrain\DirectX12\Source\Engine\Common\d3dx12.h(2498,1): warning C4820: 'CD3DX12_PIPELINE_STATE_STREAM_SUBOBJECT<CD3DX12_DEPTH_STENCIL_DESC1,D3D12_PIPELINE_STATE_SUBOBJECT_TYPE_DEPTH_STENCIL1,CD3DX12_DEFAULT>': '4' 바이트 패딩이 데이터 멤버 'CD3DX12_PIPELINE_STATE_STREAM_SUBOBJECT<CD3DX12_DEPTH_STENCIL_DESC1,D3D12_PIPELINE_STATE_SUBOBJECT_TYPE_DEPTH_STENCIL1,CD3DX12_DEFAULT>::_Inner' 다음에 추가됨
C:\Users\jione\Desktop\펄어비스\DirectX12_terrain\DirectX12\Source\Engine\Common\d3dx12.h(2659,50): message : 컴파일되는 클래스 템플릿 인스턴스화 'CD3DX12_PIPELINE_STATE_STREAM_SUBOBJECT<CD3DX12_DEPTH_STENCIL_DESC1,D3D12_PIPELINE_STATE_SUBOBJECT_TYPE_DEPTH_STENCIL1,CD3DX12_DEFAULT>'에 대한 참조를 확인하세요.
C:\Users\jione\Desktop\펄어비스\DirectX12_terrain\DirectX12\Source\Engine\Common\d3dx12.h(2498,1): warning C4820: 'CD3DX12_PIPELINE_STATE_STREAM_SUBOBJECT<DXGI_SAMPLE_DESC,D3D12_PIPELINE_STATE_SUBOBJECT_TYPE_SAMPLE_DESC,DefaultSampleDesc>': '4' 바이트 패딩이 데이터 멤버 'CD3DX12_PIPELINE_STATE_STREAM_SUBOBJECT<DXGI_SAMPLE_DESC,D3D12_PIPELINE_STATE_SUBOBJECT_TYPE_SAMPLE_DESC,DefaultSampleDesc>::_Inner' 다음에 추가됨
C:\Users\jione\Desktop\펄어비스\DirectX12_terrain\DirectX12\Source\Engine\Common\d3dx12.h(2663,47): message : 컴파일되는 클래스 템플릿 인스턴스화 'CD3DX12_PIPELINE_STATE_STREAM_SUBOBJECT<DXGI_SAMPLE_DESC,D3D12_PIPELINE_STATE_SUBOBJECT_TYPE_SAMPLE_DESC,DefaultSampleDesc>'에 대한 참조를 확인하세요.
C:\Users\jione\Desktop\펄어비스\DirectX12_terrain\DirectX12\Source\Engine\Common\d3dx12.h(2489,1): warning C4820: 'CD3DX12_PIPELINE_STATE_STREAM_SUBOBJECT<D3D12_CACHED_PIPELINE_STATE,D3D12_PIPELINE_STATE_SUBOBJECT_TYPE_CACHED_PSO,InnerStructType>': '4' 바이트 패딩이 데이터 멤버 'CD3DX12_PIPELINE_STATE_STREAM_SUBOBJECT<D3D12_CACHED_PIPELINE_STATE,D3D12_PIPELINE_STATE_SUBOBJECT_TYPE_CACHED_PSO,InnerStructType>::_Type' 다음에 추가됨
          with
          [
              InnerStructType=D3D12_CACHED_PIPELINE_STATE
          ]
C:\Users\jione\Desktop\펄어비스\DirectX12_terrain\DirectX12\Source\Engine\Common\d3dx12.h(2665,46): message : 컴파일되는 클래스 템플릿 인스턴스화 'CD3DX12_PIPELINE_STATE_STREAM_SUBOBJECT<D3D12_CACHED_PIPELINE_STATE,D3D12_PIPELINE_STATE_SUBOBJECT_TYPE_CACHED_PSO,InnerStructType>'에 대한 참조를 확인하세요.
          with
          [
              InnerStructType=D3D12_CACHED_PIPELINE_STATE
          ]
C:\Users\jione\Desktop\펄어비스\DirectX12_terrain\DirectX12\Source\Engine\Common\d3dx12.h(2489,1): warning C4820: 'CD3DX12_PIPELINE_STATE_STREAM_SUBOBJECT<CD3DX12_VIEW_INSTANCING_DESC,D3D12_PIPELINE_STATE_SUBOBJECT_TYPE_VIEW_INSTANCING,CD3DX12_DEFAULT>': '4' 바이트 패딩이 데이터 멤버 'CD3DX12_PIPELINE_STATE_STREAM_SUBOBJECT<CD3DX12_VIEW_INSTANCING_DESC,D3D12_PIPELINE_STATE_SUBOBJECT_TYPE_VIEW_INSTANCING,CD3DX12_DEFAULT>::_Type' 다음에 추가됨
C:\Users\jione\Desktop\펄어비스\DirectX12_terrain\DirectX12\Source\Engine\Common\d3dx12.h(2666,51): message : 컴파일되는 클래스 템플릿 인스턴스화 'CD3DX12_PIPELINE_STATE_STREAM_SUBOBJECT<CD3DX12_VIEW_INSTANCING_DESC,D3D12_PIPELINE_STATE_SUBOBJECT_TYPE_VIEW_INSTANCING,CD3DX12_DEFAULT>'에 대한 참조를 확인하세요.
C:\Users\jione\Desktop\펄어비스\DirectX12_terrain\DirectX12\Source\Engine\Common\d3dx12.h(3028,1): warning C4820: 'CD3DX12_PIPELINE_STATE_STREAM2_PARSE_HELPER': '7' 바이트 패딩이 데이터 멤버 'CD3DX12_PIPELINE_STATE_STREAM2_PARSE_HELPER::SeenDSS' 다음에 추가됨
C:\Users\jione\Desktop\펄어비스\DirectX12_terrain\DirectX12\Source\Engine\Common\d3dx12.h(3087,1): warning C4820: 'CD3DX12_PIPELINE_STATE_STREAM_PARSE_HELPER': '7' 바이트 패딩이 데이터 멤버 'CD3DX12_PIPELINE_STATE_STREAM_PARSE_HELPER::SeenDSS' 다음에 추가됨
C:\Users\jione\Desktop\펄어비스\DirectX12_terrain\DirectX12\Source\Engine\Common\d3dx12.h(3097,5): warning C4061: 열거형 'D3D12_PIPELINE_STATE_SUBOBJECT_TYPE'의 switch에 있는 'D3D12_PIPELINE_STATE_SUBOBJECT_TYPE_ROOT_SIGNATURE' 열거자는 case 레이블에 의해 명시적으로 처리되지 않습니다.
C:\Program Files (x86)\Windows Kits\10\Include\10.0.22000.0\um\d3d12.h(2021,6): message : 'D3D12_PIPELINE_STATE_SUBOBJECT_TYPE' 선언을 참조하십시오.
C:\Users\jione\Desktop\펄어비스\DirectX12_terrain\DirectX12\Source\Engine\Common\d3dx12.h(3097,5): warning C4061: 열거형 'D3D12_PIPELINE_STATE_SUBOBJECT_TYPE'의 switch에 있는 'D3D12_PIPELINE_STATE_SUBOBJECT_TYPE_VS' 열거자는 case 레이블에 의해 명시적으로 처리되지 않습니다.
C:\Program Files (x86)\Windows Kits\10\Include\10.0.22000.0\um\d3d12.h(2021,6): message : 'D3D12_PIPELINE_STATE_SUBOBJECT_TYPE' 선언을 참조하십시오.
C:\Users\jione\Desktop\펄어비스\DirectX12_terrain\DirectX12\Source\Engine\Common\d3dx12.h(3097,5): warning C4061: 열거형 'D3D12_PIPELINE_STATE_SUBOBJECT_TYPE'의 switch에 있는 'D3D12_PIPELINE_STATE_SUBOBJECT_TYPE_PS' 열거자는 case 레이블에 의해 명시적으로 처리되지 않습니다.
C:\Program Files (x86)\Windows Kits\10\Include\10.0.22000.0\um\d3d12.h(2021,6): message : 'D3D12_PIPELINE_STATE_SUBOBJECT_TYPE' 선언을 참조하십시오.
C:\Users\jione\Desktop\펄어비스\DirectX12_terrain\DirectX12\Source\Engine\Common\d3dx12.h(3097,5): warning C4061: 열거형 'D3D12_PIPELINE_STATE_SUBOBJECT_TYPE'의 switch에 있는 'D3D12_PIPELINE_STATE_SUBOBJECT_TYPE_DS' 열거자는 case 레이블에 의해 명시적으로 처리되지 않습니다.
C:\Program Files (x86)\Windows Kits\10\Include\10.0.22000.0\um\d3d12.h(2021,6): message : 'D3D12_PIPELINE_STATE_SUBOBJECT_TYPE' 선언을 참조하십시오.
C:\Users\jione\Desktop\펄어비스\DirectX12_terrain\DirectX12\Source\Engine\Common\d3dx12.h(3097,5): warning C4061: 열거형 'D3D12_PIPELINE_STATE_SUBOBJECT_TYPE'의 switch에 있는 'D3D12_PIPELINE_STATE_SUBOBJECT_TYPE_HS' 열거자는 case 레이블에 의해 명시적으로 처리되지 않습니다.
C:\Program Files (x86)\Windows Kits\10\Include\10.0.22000.0\um\d3d12.h(2021,6): message : 'D3D12_PIPELINE_STATE_SUBOBJECT_TYPE' 선언을 참조하십시오.
C:\Users\jione\Desktop\펄어비스\DirectX12_terrain\DirectX12\Source\Engine\Common\d3dx12.h(3097,5): warning C4061: 열거형 'D3D12_PIPELINE_STATE_SUBOBJECT_TYPE'의 switch에 있는 'D3D12_PIPELINE_STATE_SUBOBJECT_TYPE_GS' 열거자는 case 레이블에 의해 명시적으로 처리되지 않습니다.
C:\Program Files (x86)\Windows Kits\10\Include\10.0.22000.0\um\d3d12.h(2021,6): message : 'D3D12_PIPELINE_STATE_SUBOBJECT_TYPE' 선언을 참조하십시오.
C:\Users\jione\Desktop\펄어비스\DirectX12_terrain\DirectX12\Source\Engine\Common\d3dx12.h(3097,5): warning C4061: 열거형 'D3D12_PIPELINE_STATE_SUBOBJECT_TYPE'의 switch에 있는 'D3D12_PIPELINE_STATE_SUBOBJECT_TYPE_CS' 열거자는 case 레이블에 의해 명시적으로 처리되지 않습니다.
C:\Program Files (x86)\Windows Kits\10\Include\10.0.22000.0\um\d3d12.h(2021,6): message : 'D3D12_PIPELINE_STATE_SUBOBJECT_TYPE' 선언을 참조하십시오.
C:\Users\jione\Desktop\펄어비스\DirectX12_terrain\DirectX12\Source\Engine\Common\d3dx12.h(3097,5): warning C4061: 열거형 'D3D12_PIPELINE_STATE_SUBOBJECT_TYPE'의 switch에 있는 'D3D12_PIPELINE_STATE_SUBOBJECT_TYPE_STREAM_OUTPUT' 열거자는 case 레이블에 의해 명시적으로 처리되지 않습니다.
C:\Program Files (x86)\Windows Kits\10\Include\10.0.22000.0\um\d3d12.h(2021,6): message : 'D3D12_PIPELINE_STATE_SUBOBJECT_TYPE' 선언을 참조하십시오.
C:\Users\jione\Desktop\펄어비스\DirectX12_terrain\DirectX12\Source\Engine\Common\d3dx12.h(3097,5): warning C4061: 열거형 'D3D12_PIPELINE_STATE_SUBOBJECT_TYPE'의 switch에 있는 'D3D12_PIPELINE_STATE_SUBOBJECT_TYPE_BLEND' 열거자는 case 레이블에 의해 명시적으로 처리되지 않습니다.
C:\Program Files (x86)\Windows Kits\10\Include\10.0.22000.0\um\d3d12.h(2021,6): message : 'D3D12_PIPELINE_STATE_SUBOBJECT_TYPE' 선언을 참조하십시오.
C:\Users\jione\Desktop\펄어비스\DirectX12_terrain\DirectX12\Source\Engine\Common\d3dx12.h(3097,5): warning C4061: 열거형 'D3D12_PIPELINE_STATE_SUBOBJECT_TYPE'의 switch에 있는 'D3D12_PIPELINE_STATE_SUBOBJECT_TYPE_SAMPLE_MASK' 열거자는 case 레이블에 의해 명시적으로 처리되지 않습니다.
C:\Program Files (x86)\Windows Kits\10\Include\10.0.22000.0\um\d3d12.h(2021,6): message : 'D3D12_PIPELINE_STATE_SUBOBJECT_TYPE' 선언을 참조하십시오.
C:\Users\jione\Desktop\펄어비스\DirectX12_terrain\DirectX12\Source\Engine\Common\d3dx12.h(3097,5): warning C4061: 열거형 'D3D12_PIPELINE_STATE_SUBOBJECT_TYPE'의 switch에 있는 'D3D12_PIPELINE_STATE_SUBOBJECT_TYPE_RASTERIZER' 열거자는 case 레이블에 의해 명시적으로 처리되지 않습니다.
C:\Program Files (x86)\Windows Kits\10\Include\10.0.22000.0\um\d3d12.h(2021,6): message : 'D3D12_PIPELINE_STATE_SUBOBJECT_TYPE' 선언을 참조하십시오.
C:\Users\jione\Desktop\펄어비스\DirectX12_terrain\DirectX12\Source\Engine\Common\d3dx12.h(3097,5): warning C4061: 열거형 'D3D12_PIPELINE_STATE_SUBOBJECT_TYPE'의 switch에 있는 'D3D12_PIPELINE_STATE_SUBOBJECT_TYPE_DEPTH_STENCIL' 열거자는 case 레이블에 의해 명시적으로 처리되지 않습니다.
C:\Program Files (x86)\Windows Kits\10\Include\10.0.22000.0\um\d3d12.h(2021,6): message : 'D3D12_PIPELINE_STATE_SUBOBJECT_TYPE' 선언을 참조하십시오.
C:\Users\jione\Desktop\펄어비스\DirectX12_terrain\DirectX12\Source\Engine\Common\d3dx12.h(3097,5): warning C4061: 열거형 'D3D12_PIPELINE_STATE_SUBOBJECT_TYPE'의 switch에 있는 'D3D12_PIPELINE_STATE_SUBOBJECT_TYPE_INPUT_LAYOUT' 열거자는 case 레이블에 의해 명시적으로 처리되지 않습니다.
C:\Program Files (x86)\Windows Kits\10\Include\10.0.22000.0\um\d3d12.h(2021,6): message : 'D3D12_PIPELINE_STATE_SUBOBJECT_TYPE' 선언을 참조하십시오.
C:\Users\jione\Desktop\펄어비스\DirectX12_terrain\DirectX12\Source\Engine\Common\d3dx12.h(3097,5): warning C4061: 열거형 'D3D12_PIPELINE_STATE_SUBOBJECT_TYPE'의 switch에 있는 'D3D12_PIPELINE_STATE_SUBOBJECT_TYPE_IB_STRIP_CUT_VALUE' 열거자는 case 레이블에 의해 명시적으로 처리되지 않습니다.
C:\Program Files (x86)\Windows Kits\10\Include\10.0.22000.0\um\d3d12.h(2021,6): message : 'D3D12_PIPELINE_STATE_SUBOBJECT_TYPE' 선언을 참조하십시오.
C:\Users\jione\Desktop\펄어비스\DirectX12_terrain\DirectX12\Source\Engine\Common\d3dx12.h(3097,5): warning C4061: 열거형 'D3D12_PIPELINE_STATE_SUBOBJECT_TYPE'의 switch에 있는 'D3D12_PIPELINE_STATE_SUBOBJECT_TYPE_PRIMITIVE_TOPOLOGY' 열거자는 case 레이블에 의해 명시적으로 처리되지 않습니다.
C:\Program Files (x86)\Windows Kits\10\Include\10.0.22000.0\um\d3d12.h(2021,6): message : 'D3D12_PIPELINE_STATE_SUBOBJECT_TYPE' 선언을 참조하십시오.
C:\Users\jione\Desktop\펄어비스\DirectX12_terrain\DirectX12\Source\Engine\Common\d3dx12.h(3097,5): warning C4061: 열거형 'D3D12_PIPELINE_STATE_SUBOBJECT_TYPE'의 switch에 있는 'D3D12_PIPELINE_STATE_SUBOBJECT_TYPE_RENDER_TARGET_FORMATS' 열거자는 case 레이블에 의해 명시적으로 처리되지 않습니다.
C:\Program Files (x86)\Windows Kits\10\Include\10.0.22000.0\um\d3d12.h(2021,6): message : 'D3D12_PIPELINE_STATE_SUBOBJECT_TYPE' 선언을 참조하십시오.
C:\Users\jione\Desktop\펄어비스\DirectX12_terrain\DirectX12\Source\Engine\Common\d3dx12.h(3097,5): warning C4061: 열거형 'D3D12_PIPELINE_STATE_SUBOBJECT_TYPE'의 switch에 있는 'D3D12_PIPELINE_STATE_SUBOBJECT_TYPE_DEPTH_STENCIL_FORMAT' 열거자는 case 레이블에 의해 명시적으로 처리되지 않습니다.
C:\Program Files (x86)\Windows Kits\10\Include\10.0.22000.0\um\d3d12.h(2021,6): message : 'D3D12_PIPELINE_STATE_SUBOBJECT_TYPE' 선언을 참조하십시오.
C:\Users\jione\Desktop\펄어비스\DirectX12_terrain\DirectX12\Source\Engine\Common\d3dx12.h(3097,5): warning C4061: 열거형 'D3D12_PIPELINE_STATE_SUBOBJECT_TYPE'의 switch에 있는 'D3D12_PIPELINE_STATE_SUBOBJECT_TYPE_SAMPLE_DESC' 열거자는 case 레이블에 의해 명시적으로 처리되지 않습니다.
C:\Program Files (x86)\Windows Kits\10\Include\10.0.22000.0\um\d3d12.h(2021,6): message : 'D3D12_PIPELINE_STATE_SUBOBJECT_TYPE' 선언을 참조하십시오.
C:\Users\jione\Desktop\펄어비스\DirectX12_terrain\DirectX12\Source\Engine\Common\d3dx12.h(3097,5): warning C4061: 열거형 'D3D12_PIPELINE_STATE_SUBOBJECT_TYPE'의 switch에 있는 'D3D12_PIPELINE_STATE_SUBOBJECT_TYPE_NODE_MASK' 열거자는 case 레이블에 의해 명시적으로 처리되지 않습니다.
C:\Program Files (x86)\Windows Kits\10\Include\10.0.22000.0\um\d3d12.h(2021,6): message : 'D3D12_PIPELINE_STATE_SUBOBJECT_TYPE' 선언을 참조하십시오.
C:\Users\jione\Desktop\펄어비스\DirectX12_terrain\DirectX12\Source\Engine\Common\d3dx12.h(3097,5): warning C4061: 열거형 'D3D12_PIPELINE_STATE_SUBOBJECT_TYPE'의 switch에 있는 'D3D12_PIPELINE_STATE_SUBOBJECT_TYPE_CACHED_PSO' 열거자는 case 레이블에 의해 명시적으로 처리되지 않습니다.
C:\Program Files (x86)\Windows Kits\10\Include\10.0.22000.0\um\d3d12.h(2021,6): message : 'D3D12_PIPELINE_STATE_SUBOBJECT_TYPE' 선언을 참조하십시오.
C:\Users\jione\Desktop\펄어비스\DirectX12_terrain\DirectX12\Source\Engine\Common\d3dx12.h(3097,5): warning C4061: 열거형 'D3D12_PIPELINE_STATE_SUBOBJECT_TYPE'의 switch에 있는 'D3D12_PIPELINE_STATE_SUBOBJECT_TYPE_FLAGS' 열거자는 case 레이블에 의해 명시적으로 처리되지 않습니다.
C:\Program Files (x86)\Windows Kits\10\Include\10.0.22000.0\um\d3d12.h(2021,6): message : 'D3D12_PIPELINE_STATE_SUBOBJECT_TYPE' 선언을 참조하십시오.
C:\Users\jione\Desktop\펄어비스\DirectX12_terrain\DirectX12\Source\Engine\Common\d3dx12.h(3097,5): warning C4061: 열거형 'D3D12_PIPELINE_STATE_SUBOBJECT_TYPE'의 switch에 있는 'D3D12_PIPELINE_STATE_SUBOBJECT_TYPE_VIEW_INSTANCING' 열거자는 case 레이블에 의해 명시적으로 처리되지 않습니다.
C:\Program Files (x86)\Windows Kits\10\Include\10.0.22000.0\um\d3d12.h(2021,6): message : 'D3D12_PIPELINE_STATE_SUBOBJECT_TYPE' 선언을 참조하십시오.
C:\Users\jione\Desktop\펄어비스\DirectX12_terrain\DirectX12\Source\Engine\Common\d3dx12.h(3097,5): warning C4061: 열거형 'D3D12_PIPELINE_STATE_SUBOBJECT_TYPE'의 switch에 있는 'D3D12_PIPELINE_STATE_SUBOBJECT_TYPE_AS' 열거자는 case 레이블에 의해 명시적으로 처리되지 않습니다.
C:\Program Files (x86)\Windows Kits\10\Include\10.0.22000.0\um\d3d12.h(2021,6): message : 'D3D12_PIPELINE_STATE_SUBOBJECT_TYPE' 선언을 참조하십시오.
C:\Users\jione\Desktop\펄어비스\DirectX12_terrain\DirectX12\Source\Engine\Common\d3dx12.h(3097,5): warning C4061: 열거형 'D3D12_PIPELINE_STATE_SUBOBJECT_TYPE'의 switch에 있는 'D3D12_PIPELINE_STATE_SUBOBJECT_TYPE_MS' 열거자는 case 레이블에 의해 명시적으로 처리되지 않습니다.
C:\Program Files (x86)\Windows Kits\10\Include\10.0.22000.0\um\d3d12.h(2021,6): message : 'D3D12_PIPELINE_STATE_SUBOBJECT_TYPE' 선언을 참조하십시오.
C:\Users\jione\Desktop\펄어비스\DirectX12_terrain\DirectX12\Source\Engine\Common\d3dx12.h(3097,5): warning C4061: 열거형 'D3D12_PIPELINE_STATE_SUBOBJECT_TYPE'의 switch에 있는 'D3D12_PIPELINE_STATE_SUBOBJECT_TYPE_MAX_VALID' 열거자는 case 레이블에 의해 명시적으로 처리되지 않습니다.
C:\Program Files (x86)\Windows Kits\10\Include\10.0.22000.0\um\d3d12.h(2021,6): message : 'D3D12_PIPELINE_STATE_SUBOBJECT_TYPE' 선언을 참조하십시오.
C:\Users\jione\Desktop\펄어비스\DirectX12_terrain\DirectX12\Source\Engine\Common\d3dx12.h(3234,9): warning C4061: 열거형 'D3D12_PIPELINE_STATE_SUBOBJECT_TYPE'의 switch에 있는 'D3D12_PIPELINE_STATE_SUBOBJECT_TYPE_MAX_VALID' 열거자는 case 레이블에 의해 명시적으로 처리되지 않습니다.
C:\Program Files (x86)\Windows Kits\10\Include\10.0.22000.0\um\d3d12.h(2021,6): message : 'D3D12_PIPELINE_STATE_SUBOBJECT_TYPE' 선언을 참조하십시오.
C:\Users\jione\Desktop\펄어비스\DirectX12_terrain\DirectX12\Source\Engine\Common\d3dx12.h(3904,1): warning C4820: 'CD3DX12_RAYTRACING_PIPELINE_CONFIG_SUBOBJECT': '4' 바이트 패딩이 데이터 멤버 'CD3DX12_RAYTRACING_PIPELINE_CONFIG_SUBOBJECT::m_Desc' 다음에 추가됨
C:\Users\jione\Desktop\펄어비스\DirectX12_terrain\DirectX12\Source\Engine\Common\d3dx12.h(4041,1): warning C4820: 'CD3DX12_STATE_OBJECT_CONFIG_SUBOBJECT': '4' 바이트 패딩이 데이터 멤버 'CD3DX12_STATE_OBJECT_CONFIG_SUBOBJECT::m_Desc' 다음에 추가됨
C:\Users\jione\Desktop\펄어비스\DirectX12_terrain\DirectX12\Source\Engine\Common\d3dx12.h(4075,1): warning C4820: 'CD3DX12_NODE_MASK_SUBOBJECT': '4' 바이트 패딩이 데이터 멤버 'CD3DX12_NODE_MASK_SUBOBJECT::m_Desc' 다음에 추가됨
C:\Users\jione\Desktop\펄어비스\DirectX12_terrain\DirectX12\Source\Engine\Render\Renderer.h(39,16): warning C4820: 'Engine::Renderer': '4' 바이트 패딩이 데이터 멤버 'Engine::Renderer::m_frameIndex' 다음에 추가됨
C:\Users\jione\Desktop\펄어비스\DirectX12_terrain\DirectX12\Source\Engine\Render\Renderer.h(46,26): warning C4820: 'Engine::Renderer': '4' 바이트 패딩이 데이터 멤버 'Engine::Renderer::m_rtvDescriptorSize' 다음에 추가됨
C:\Users\jione\Desktop\펄어비스\DirectX12_terrain\DirectX12\Source\Engine\Render\Renderer.cpp(20,9): warning C5038: 데이터 멤버 'Engine::Renderer::m_rtvDescriptorSize'은(는) 데이터 멤버 'Engine::Renderer::m_frameIndex' 이후에 초기화됩니다.
C:\Users\jione\Desktop\펄어비스\DirectX12_terrain\DirectX12\Source\Engine\Render\Renderer.cpp(51,38): warning C4100: 'deltaTime': 참조되지 않은 정식 매개 변수입니다.
C:\Users\jione\Desktop\펄어비스\DirectX12_terrain\DirectX12\Source\Engine\Render\Renderer.cpp(263,13): warning C5246: 'INDICES': 하위 개체의 초기화는 중괄호로 묶어야 합니다.
C:\Users\jione\Desktop\펄어비스\DirectX12_terrain\DirectX12\Source\Engine\Render\Renderer.cpp(263,16): warning C5246: 'INDICES': 하위 개체의 초기화는 중괄호로 묶어야 합니다.
C:\Users\jione\Desktop\펄어비스\DirectX12_terrain\DirectX12\Source\Engine\Render\Renderer.cpp(263,19): warning C5246: 'INDICES': 하위 개체의 초기화는 중괄호로 묶어야 합니다.
C:\Users\jione\Desktop\펄어비스\DirectX12_terrain\DirectX12\Source\Engine\Render\Renderer.cpp(264,13): warning C5246: 'INDICES': 하위 개체의 초기화는 중괄호로 묶어야 합니다.
C:\Users\jione\Desktop\펄어비스\DirectX12_terrain\DirectX12\Source\Engine\Render\Renderer.cpp(264,16): warning C5246: 'INDICES': 하위 개체의 초기화는 중괄호로 묶어야 합니다.
C:\Users\jione\Desktop\펄어비스\DirectX12_terrain\DirectX12\Source\Engine\Render\Renderer.cpp(264,19): warning C5246: 'INDICES': 하위 개체의 초기화는 중괄호로 묶어야 합니다.
C:\Users\jione\Desktop\펄어비스\DirectX12_terrain\DirectX12\Source\Engine\Render\Renderer.cpp(418,131): warning C4365: '인수': 'UINT'에서 'INT'(으)로의 변환입니다. signed 또는 unsigned가 일치하지 않습니다.
C:\Users\jione\Desktop\펄어비스\DirectX12_terrain\DirectX12\Source\Engine\Render\Renderer.cpp(386): warning C4715: 'Engine::Renderer::getHardwareAdapter': 모든 제어 경로에서 값을 반환하지는 않습니다.
C:\Users\jione\Desktop\펄어비스\DirectX12_terrain\DirectX12\Source\Engine\Render\Renderer.cpp(44): warning C5045: 컴파일러는 /Qspectre 스위치가 지정된 경우 메모리 로드를 위해 스펙터 완화를 삽입합니다.
  C:\Users\jione\Desktop\펄어비스\DirectX12_terrain\DirectX12\Source\Engine\Render\Renderer.cpp(42) : 참고: 이 줄에서 비교에 의해 검사된 인덱스 'hr' 범위
  C:\Users\jione\Desktop\펄어비스\DirectX12_terrain\DirectX12\Source\Engine\Render\Renderer.cpp(44) : 참고: 이 줄에서 호출 피드
C:\Users\jione\Desktop\펄어비스\DirectX12_terrain\DirectX12\Source\Engine\Render\Renderer.cpp(38): warning C5045: 컴파일러는 /Qspectre 스위치가 지정된 경우 메모리 로드를 위해 스펙터 완화를 삽입합니다.
  C:\Users\jione\Desktop\펄어비스\DirectX12_terrain\DirectX12\Source\Engine\Render\Renderer.cpp(36) : 참고: 이 줄에서 비교에 의해 검사된 인덱스 'hr' 범위
  C:\Users\jione\Desktop\펄어비스\DirectX12_terrain\DirectX12\Source\Engine\Render\Renderer.cpp(38) : 참고: 이 줄에서 호출 피드
C:\Users\jione\Desktop\펄어비스\DirectX12_terrain\DirectX12\Source\Engine\Render\Renderer.cpp(440): warning C5045: 컴파일러는 /Qspectre 스위치가 지정된 경우 메모리 로드를 위해 스펙터 완화를 삽입합니다.
  C:\Users\jione\Desktop\펄어비스\DirectX12_terrain\DirectX12\Source\Engine\Render\Renderer.cpp(438) : 참고: 이 줄에서 비교에 의해 검사된 인덱스 'hr' 범위
  C:\Users\jione\Desktop\펄어비스\DirectX12_terrain\DirectX12\Source\Engine\Render\Renderer.cpp(440) : 참고: 이 줄에서 호출 피드
C:\Users\jione\Desktop\펄어비스\DirectX12_terrain\DirectX12\Source\Engine\Render\Renderer.cpp(402): warning C5045: 컴파일러는 /Qspectre 스위치가 지정된 경우 메모리 로드를 위해 스펙터 완화를 삽입합니다.
  C:\Users\jione\Desktop\펄어비스\DirectX12_terrain\DirectX12\Source\Engine\Render\Renderer.cpp(400) : 참고: 이 줄에서 비교에 의해 검사된 인덱스 'hr' 범위
  C:\Users\jione\Desktop\펄어비스\DirectX12_terrain\DirectX12\Source\Engine\Render\Renderer.cpp(402) : 참고: 이 줄에서 호출 피드
C:\Users\jione\Desktop\펄어비스\DirectX12_terrain\DirectX12\Source\Engine\Render\Renderer.cpp(395): warning C5045: 컴파일러는 /Qspectre 스위치가 지정된 경우 메모리 로드를 위해 스펙터 완화를 삽입합니다.
  C:\Users\jione\Desktop\펄어비스\DirectX12_terrain\DirectX12\Source\Engine\Render\Renderer.cpp(393) : 참고: 이 줄에서 비교에 의해 검사된 인덱스 'hr' 범위
  C:\Users\jione\Desktop\펄어비스\DirectX12_terrain\DirectX12\Source\Engine\Render\Renderer.cpp(395) : 참고: 이 줄에서 호출 피드
C:\Users\jione\Desktop\펄어비스\DirectX12_terrain\DirectX12\Source\Engine\Render\Renderer.cpp(153): warning C5045: 컴파일러는 /Qspectre 스위치가 지정된 경우 메모리 로드를 위해 스펙터 완화를 삽입합니다.
  C:\Users\jione\Desktop\펄어비스\DirectX12_terrain\DirectX12\Source\Engine\Render\Renderer.cpp(151) : 참고: 이 줄에서 비교에 의해 검사된 인덱스 'hr' 범위
  C:\Users\jione\Desktop\펄어비스\DirectX12_terrain\DirectX12\Source\Engine\Render\Renderer.cpp(153) : 참고: 이 줄에서 호출 피드
C:\Users\jione\Desktop\펄어비스\DirectX12_terrain\DirectX12\Source\Engine\Render\Renderer.cpp(147): warning C5045: 컴파일러는 /Qspectre 스위치가 지정된 경우 메모리 로드를 위해 스펙터 완화를 삽입합니다.
  C:\Users\jione\Desktop\펄어비스\DirectX12_terrain\DirectX12\Source\Engine\Render\Renderer.cpp(145) : 참고: 이 줄에서 비교에 의해 검사된 인덱스 'hr' 범위
  C:\Users\jione\Desktop\펄어비스\DirectX12_terrain\DirectX12\Source\Engine\Render\Renderer.cpp(147) : 참고: 이 줄에서 호출 피드
C:\Users\jione\Desktop\펄어비스\DirectX12_terrain\DirectX12\Source\Engine\Render\Renderer.cpp(299): warning C5045: 컴파일러는 /Qspectre 스위치가 지정된 경우 메모리 로드를 위해 스펙터 완화를 삽입합니다.
  C:\Users\jione\Desktop\펄어비스\DirectX12_terrain\DirectX12\Source\Engine\Render\Renderer.cpp(297) : 참고: 이 줄에서 비교에 의해 검사된 인덱스 'hr' 범위
  C:\Users\jione\Desktop\펄어비스\DirectX12_terrain\DirectX12\Source\Engine\Render\Renderer.cpp(299) : 참고: 이 줄에서 호출 피드
C:\Users\jione\Desktop\펄어비스\DirectX12_terrain\DirectX12\Source\Engine\Render\Renderer.cpp(140): warning C5045: 컴파일러는 /Qspectre 스위치가 지정된 경우 메모리 로드를 위해 스펙터 완화를 삽입합니다.
  C:\Users\jione\Desktop\펄어비스\DirectX12_terrain\DirectX12\Source\Engine\Render\Renderer.cpp(138) : 참고: 이 줄에서 비교에 의해 검사된 인덱스 'hr' 범위
  C:\Users\jione\Desktop\펄어비스\DirectX12_terrain\DirectX12\Source\Engine\Render\Renderer.cpp(140) : 참고: 이 줄에서 호출 피드
C:\Users\jione\Desktop\펄어비스\DirectX12_terrain\DirectX12\Source\Engine\Render\Renderer.cpp(282): warning C5045: 컴파일러는 /Qspectre 스위치가 지정된 경우 메모리 로드를 위해 스펙터 완화를 삽입합니다.
  C:\Users\jione\Desktop\펄어비스\DirectX12_terrain\DirectX12\Source\Engine\Render\Renderer.cpp(280) : 참고: 이 줄에서 비교에 의해 검사된 인덱스 'hr' 범위
  C:\Users\jione\Desktop\펄어비스\DirectX12_terrain\DirectX12\Source\Engine\Render\Renderer.cpp(282) : 참고: 이 줄에서 호출 피드
C:\Users\jione\Desktop\펄어비스\DirectX12_terrain\DirectX12\Source\Engine\Render\Renderer.cpp(131): warning C5045: 컴파일러는 /Qspectre 스위치가 지정된 경우 메모리 로드를 위해 스펙터 완화를 삽입합니다.
  C:\Users\jione\Desktop\펄어비스\DirectX12_terrain\DirectX12\Source\Engine\Render\Renderer.cpp(129) : 참고: 이 줄에서 비교에 의해 검사된 인덱스 'hr' 범위
  C:\Users\jione\Desktop\펄어비스\DirectX12_terrain\DirectX12\Source\Engine\Render\Renderer.cpp(131) : 참고: 이 줄에서 호출 피드
C:\Users\jione\Desktop\펄어비스\DirectX12_terrain\DirectX12\Source\Engine\Render\Renderer.cpp(242): warning C5045: 컴파일러는 /Qspectre 스위치가 지정된 경우 메모리 로드를 위해 스펙터 완화를 삽입합니다.
  C:\Users\jione\Desktop\펄어비스\DirectX12_terrain\DirectX12\Source\Engine\Render\Renderer.cpp(240) : 참고: 이 줄에서 비교에 의해 검사된 인덱스 'hr' 범위
  C:\Users\jione\Desktop\펄어비스\DirectX12_terrain\DirectX12\Source\Engine\Render\Renderer.cpp(242) : 참고: 이 줄에서 호출 피드
C:\Users\jione\Desktop\펄어비스\DirectX12_terrain\DirectX12\Source\Engine\Render\Renderer.cpp(120): warning C5045: 컴파일러는 /Qspectre 스위치가 지정된 경우 메모리 로드를 위해 스펙터 완화를 삽입합니다.
  C:\Users\jione\Desktop\펄어비스\DirectX12_terrain\DirectX12\Source\Engine\Render\Renderer.cpp(118) : 참고: 이 줄에서 비교에 의해 검사된 인덱스 'i' 범위
  C:\Users\jione\Desktop\펄어비스\DirectX12_terrain\DirectX12\Source\Engine\Render\Renderer.cpp(123) : 참고: 이 줄에서 호출 피드
C:\Users\jione\Desktop\펄어비스\DirectX12_terrain\DirectX12\Source\Engine\Render\Renderer.cpp(202): warning C5045: 컴파일러는 /Qspectre 스위치가 지정된 경우 메모리 로드를 위해 스펙터 완화를 삽입합니다.
  C:\Users\jione\Desktop\펄어비스\DirectX12_terrain\DirectX12\Source\Engine\Render\Renderer.cpp(200) : 참고: 이 줄에서 비교에 의해 검사된 인덱스 'hr' 범위
  C:\Users\jione\Desktop\펄어비스\DirectX12_terrain\DirectX12\Source\Engine\Render\Renderer.cpp(202) : 참고: 이 줄에서 호출 피드
C:\Users\jione\Desktop\펄어비스\DirectX12_terrain\DirectX12\Source\Engine\Render\Renderer.cpp(115): warning C5045: 컴파일러는 /Qspectre 스위치가 지정된 경우 메모리 로드를 위해 스펙터 완화를 삽입합니다.
  C:\Users\jione\Desktop\펄어비스\DirectX12_terrain\DirectX12\Source\Engine\Render\Renderer.cpp(113) : 참고: 이 줄에서 비교에 의해 검사된 인덱스 'hr' 범위
  C:\Users\jione\Desktop\펄어비스\DirectX12_terrain\DirectX12\Source\Engine\Render\Renderer.cpp(115) : 참고: 이 줄에서 호출 피드
C:\Users\jione\Desktop\펄어비스\DirectX12_terrain\DirectX12\Source\Engine\Render\Renderer.cpp(487): warning C5045: 컴파일러는 /Qspectre 스위치가 지정된 경우 메모리 로드를 위해 스펙터 완화를 삽입합니다.
  C:\Users\jione\Desktop\펄어비스\DirectX12_terrain\DirectX12\Source\Engine\Render\Renderer.cpp(485) : 참고: 이 줄에서 비교에 의해 검사된 인덱스 'hr' 범위
  C:\Users\jione\Desktop\펄어비스\DirectX12_terrain\DirectX12\Source\Engine\Render\Renderer.cpp(487) : 참고: 이 줄에서 호출 피드
C:\Users\jione\Desktop\펄어비스\DirectX12_terrain\DirectX12\Source\Engine\Render\Renderer.cpp(538): warning C4715: 'Engine::Renderer::createSwapChain': 모든 제어 경로에서 값을 반환하지는 않습니다.
C:\Users\jione\Desktop\펄어비스\DirectX12_terrain\DirectX12\Source\Engine\Render\Renderer.cpp(469): warning C5045: 컴파일러는 /Qspectre 스위치가 지정된 경우 메모리 로드를 위해 스펙터 완화를 삽입합니다.
  C:\Users\jione\Desktop\펄어비스\DirectX12_terrain\DirectX12\Source\Engine\Render\Renderer.cpp(467) : 참고: 이 줄에서 비교에 의해 검사된 인덱스 'hr' 범위
  C:\Users\jione\Desktop\펄어비스\DirectX12_terrain\DirectX12\Source\Engine\Render\Renderer.cpp(469) : 참고: 이 줄에서 호출 피드
C:\Users\jione\Desktop\펄어비스\DirectX12_terrain\DirectX12\Source\Engine\Render\Renderer.cpp(109): warning C5045: 컴파일러는 /Qspectre 스위치가 지정된 경우 메모리 로드를 위해 스펙터 완화를 삽입합니다.
  C:\Users\jione\Desktop\펄어비스\DirectX12_terrain\DirectX12\Source\Engine\Render\Renderer.cpp(107) : 참고: 이 줄에서 비교에 의해 검사된 인덱스 'hr' 범위
  C:\Users\jione\Desktop\펄어비스\DirectX12_terrain\DirectX12\Source\Engine\Render\Renderer.cpp(109) : 참고: 이 줄에서 호출 피드
C:\Users\jione\Desktop\펄어비스\DirectX12_terrain\DirectX12\Source\Engine\Render\Renderer.cpp(632): warning C5045: 컴파일러는 /Qspectre 스위치가 지정된 경우 메모리 로드를 위해 스펙터 완화를 삽입합니다.
  C:\Users\jione\Desktop\펄어비스\DirectX12_terrain\DirectX12\Source\Engine\Render\Renderer.cpp(630) : 참고: 이 줄에서 비교에 의해 검사된 인덱스 'i' 범위
  C:\Users\jione\Desktop\펄어비스\DirectX12_terrain\DirectX12\Source\Engine\Render\Renderer.cpp(635) : 참고: 이 줄에서 호출 피드
C:\Users\jione\Desktop\펄어비스\DirectX12_terrain\DirectX12\Source\Engine\Render\Renderer.cpp(569): warning C5045: 컴파일러는 /Qspectre 스위치가 지정된 경우 메모리 로드를 위해 스펙터 완화를 삽입합니다.
  C:\Users\jione\Desktop\펄어비스\DirectX12_terrain\DirectX12\Source\Engine\Render\Renderer.cpp(564) : 참고: 이 줄에서 비교에 의해 검사된 인덱스 'n' 범위
  C:\Users\jione\Desktop\펄어비스\DirectX12_terrain\DirectX12\Source\Engine\Render\Renderer.cpp(569) : 참고: 이 줄에서 호출 피드
C:\Users\jione\Desktop\펄어비스\DirectX12_terrain\DirectX12\Source\Engine\Render\Renderer.cpp(661): warning C5045: 컴파일러는 /Qspectre 스위치가 지정된 경우 메모리 로드를 위해 스펙터 완화를 삽입합니다.
  C:\Users\jione\Desktop\펄어비스\DirectX12_terrain\DirectX12\Source\Engine\Render\Renderer.cpp(659) : 참고: 이 줄에서 비교에 의해 검사된 인덱스 'hr' 범위
  C:\Users\jione\Desktop\펄어비스\DirectX12_terrain\DirectX12\Source\Engine\Render\Renderer.cpp(661) : 참고: 이 줄에서 호출 피드
C:\Users\jione\Desktop\펄어비스\DirectX12_terrain\DirectX12\Source\Engine\Render\Renderer.cpp(536): warning C5045: 컴파일러는 /Qspectre 스위치가 지정된 경우 메모리 로드를 위해 스펙터 완화를 삽입합니다.
  C:\Users\jione\Desktop\펄어비스\DirectX12_terrain\DirectX12\Source\Engine\Render\Renderer.cpp(534) : 참고: 이 줄에서 비교에 의해 검사된 인덱스 'hr' 범위
  C:\Users\jione\Desktop\펄어비스\DirectX12_terrain\DirectX12\Source\Engine\Render\Renderer.cpp(536) : 참고: 이 줄에서 호출 피드
C:\Users\jione\Desktop\펄어비스\DirectX12_terrain\DirectX12\Source\Engine\Render\Renderer.cpp(104): warning C5045: 컴파일러는 /Qspectre 스위치가 지정된 경우 메모리 로드를 위해 스펙터 완화를 삽입합니다.
  C:\Users\jione\Desktop\펄어비스\DirectX12_terrain\DirectX12\Source\Engine\Render\Renderer.cpp(102) : 참고: 이 줄에서 비교에 의해 검사된 인덱스 'hr' 범위
  C:\Users\jione\Desktop\펄어비스\DirectX12_terrain\DirectX12\Source\Engine\Render\Renderer.cpp(104) : 참고: 이 줄에서 호출 피드
C:\Users\jione\Desktop\펄어비스\DirectX12_terrain\DirectX12\Source\Engine\Render\Renderer.cpp(687): warning C5045: 컴파일러는 /Qspectre 스위치가 지정된 경우 메모리 로드를 위해 스펙터 완화를 삽입합니다.
  C:\Users\jione\Desktop\펄어비스\DirectX12_terrain\DirectX12\Source\Engine\Render\Renderer.cpp(685) : 참고: 이 줄에서 비교에 의해 검사된 인덱스 'hr' 범위
  C:\Users\jione\Desktop\펄어비스\DirectX12_terrain\DirectX12\Source\Engine\Render\Renderer.cpp(687) : 참고: 이 줄에서 호출 피드
C:\Users\jione\Desktop\펄어비스\DirectX12_terrain\DirectX12\Source\Engine\Render\Renderer.cpp(566): warning C5045: 컴파일러는 /Qspectre 스위치가 지정된 경우 메모리 로드를 위해 스펙터 완화를 삽입합니다.
  C:\Users\jione\Desktop\펄어비스\DirectX12_terrain\DirectX12\Source\Engine\Render\Renderer.cpp(564) : 참고: 이 줄에서 비교에 의해 검사된 인덱스 'n' 범위
  C:\Users\jione\Desktop\펄어비스\DirectX12_terrain\DirectX12\Source\Engine\Render\Renderer.cpp(566) : 참고: 이 줄에서 호출 피드
C:\Users\jione\Desktop\펄어비스\DirectX12_terrain\DirectX12\Source\Engine\Render\Renderer.cpp(656): warning C5045: 컴파일러는 /Qspectre 스위치가 지정된 경우 메모리 로드를 위해 스펙터 완화를 삽입합니다.
  C:\Users\jione\Desktop\펄어비스\DirectX12_terrain\DirectX12\Source\Engine\Render\Renderer.cpp(654) : 참고: 이 줄에서 비교에 의해 검사된 인덱스 'hr' 범위
  C:\Users\jione\Desktop\펄어비스\DirectX12_terrain\DirectX12\Source\Engine\Render\Renderer.cpp(656) : 참고: 이 줄에서 호출 피드
C:\Users\jione\Desktop\펄어비스\DirectX12_terrain\DirectX12\Source\Engine\Render\Renderer.cpp(531): warning C5045: 컴파일러는 /Qspectre 스위치가 지정된 경우 메모리 로드를 위해 스펙터 완화를 삽입합니다.
  C:\Users\jione\Desktop\펄어비스\DirectX12_terrain\DirectX12\Source\Engine\Render\Renderer.cpp(529) : 참고: 이 줄에서 비교에 의해 검사된 인덱스 'hr' 범위
  C:\Users\jione\Desktop\펄어비스\DirectX12_terrain\DirectX12\Source\Engine\Render\Renderer.cpp(531) : 참고: 이 줄에서 호출 피드
C:\Users\jione\Desktop\펄어비스\DirectX12_terrain\DirectX12\Source\Engine\Render\Renderer.cpp(706): warning C5045: 컴파일러는 /Qspectre 스위치가 지정된 경우 메모리 로드를 위해 스펙터 완화를 삽입합니다.
  C:\Users\jione\Desktop\펄어비스\DirectX12_terrain\DirectX12\Source\Engine\Render\Renderer.cpp(704) : 참고: 이 줄에서 비교에 의해 검사된 인덱스 '' 범위
  C:\Users\jione\Desktop\펄어비스\DirectX12_terrain\DirectX12\Source\Engine\Render\Renderer.cpp(715) : 참고: 이 줄에서 호출 피드
C:\Users\jione\Desktop\펄어비스\DirectX12_terrain\DirectX12\Source\Engine\Render\Renderer.cpp(99): warning C5045: 컴파일러는 /Qspectre 스위치가 지정된 경우 메모리 로드를 위해 스펙터 완화를 삽입합니다.
  C:\Users\jione\Desktop\펄어비스\DirectX12_terrain\DirectX12\Source\Engine\Render\Renderer.cpp(97) : 참고: 이 줄에서 비교에 의해 검사된 인덱스 'hr' 범위
  C:\Users\jione\Desktop\펄어비스\DirectX12_terrain\DirectX12\Source\Engine\Render\Renderer.cpp(99) : 참고: 이 줄에서 호출 피드
C:\Users\jione\Desktop\펄어비스\DirectX12_terrain\DirectX12\Source\Engine\Render\Renderer.cpp(682): warning C5045: 컴파일러는 /Qspectre 스위치가 지정된 경우 메모리 로드를 위해 스펙터 완화를 삽입합니다.
  C:\Users\jione\Desktop\펄어비스\DirectX12_terrain\DirectX12\Source\Engine\Render\Renderer.cpp(680) : 참고: 이 줄에서 비교에 의해 검사된 인덱스 'hr' 범위
  C:\Users\jione\Desktop\펄어비스\DirectX12_terrain\DirectX12\Source\Engine\Render\Renderer.cpp(682) : 참고: 이 줄에서 호출 피드
C:\Users\jione\Desktop\펄어비스\DirectX12_terrain\DirectX12\Source\Engine\Render\Renderer.cpp(559): warning C5045: 컴파일러는 /Qspectre 스위치가 지정된 경우 메모리 로드를 위해 스펙터 완화를 삽입합니다.
  C:\Users\jione\Desktop\펄어비스\DirectX12_terrain\DirectX12\Source\Engine\Render\Renderer.cpp(557) : 참고: 이 줄에서 비교에 의해 검사된 인덱스 'hr' 범위
  C:\Users\jione\Desktop\펄어비스\DirectX12_terrain\DirectX12\Source\Engine\Render\Renderer.cpp(559) : 참고: 이 줄에서 호출 피드
C:\Users\jione\Desktop\펄어비스\DirectX12_terrain\DirectX12\Source\Engine\Render\Renderer.cpp(526): warning C5045: 컴파일러는 /Qspectre 스위치가 지정된 경우 메모리 로드를 위해 스펙터 완화를 삽입합니다.
  C:\Users\jione\Desktop\펄어비스\DirectX12_terrain\DirectX12\Source\Engine\Render\Renderer.cpp(524) : 참고: 이 줄에서 비교에 의해 검사된 인덱스 'hr' 범위
  C:\Users\jione\Desktop\펄어비스\DirectX12_terrain\DirectX12\Source\Engine\Render\Renderer.cpp(526) : 참고: 이 줄에서 호출 피드
C:\Users\jione\Desktop\펄어비스\DirectX12_terrain\DirectX12\Source\Engine\Render\Renderer.cpp(709): warning C5045: 컴파일러는 /Qspectre 스위치가 지정된 경우 메모리 로드를 위해 스펙터 완화를 삽입합니다.
  C:\Users\jione\Desktop\펄어비스\DirectX12_terrain\DirectX12\Source\Engine\Render\Renderer.cpp(707) : 참고: 이 줄에서 비교에 의해 검사된 인덱스 'hr' 범위
  C:\Users\jione\Desktop\펄어비스\DirectX12_terrain\DirectX12\Source\Engine\Render\Renderer.cpp(709) : 참고: 이 줄에서 호출 피드
C:\Users\jione\Desktop\펄어비스\DirectX12_terrain\DirectX12\Source\Engine\Render\Renderer.cpp(94): warning C5045: 컴파일러는 /Qspectre 스위치가 지정된 경우 메모리 로드를 위해 스펙터 완화를 삽입합니다.
  C:\Users\jione\Desktop\펄어비스\DirectX12_terrain\DirectX12\Source\Engine\Render\Renderer.cpp(92) : 참고: 이 줄에서 비교에 의해 검사된 인덱스 'hr' 범위
  C:\Users\jione\Desktop\펄어비스\DirectX12_terrain\DirectX12\Source\Engine\Render\Renderer.cpp(94) : 참고: 이 줄에서 호출 피드
C:\Users\jione\Desktop\펄어비스\DirectX12_terrain\DirectX12\Source\Engine\Render\Renderer.cpp(89): warning C5045: 컴파일러는 /Qspectre 스위치가 지정된 경우 메모리 로드를 위해 스펙터 완화를 삽입합니다.
  C:\Users\jione\Desktop\펄어비스\DirectX12_terrain\DirectX12\Source\Engine\Render\Renderer.cpp(87) : 참고: 이 줄에서 비교에 의해 검사된 인덱스 'hr' 범위
  C:\Users\jione\Desktop\펄어비스\DirectX12_terrain\DirectX12\Source\Engine\Render\Renderer.cpp(89) : 참고: 이 줄에서 호출 피드
dxgi.lib(dxgi.dll) : warning LNK4006: __NULL_IMPORT_DESCRIPTOR이(가) d3d12.lib(d3d12.dll)에 이미 정의되어 있습니다. 초 정의가 무시됩니다.
d3dcompiler.lib(D3DCOMPILER_47.dll) : warning LNK4006: __NULL_IMPORT_DESCRIPTOR이(가) d3d12.lib(d3d12.dll)에 이미 정의되어 있습니다. 초 정의가 무시됩니다.
  Engine.vcxproj -> C:\Users\jione\Desktop\펄어비스\DirectX12_terrain\DirectX12\Build\x64\Debug\Engined.lib
  하위 디렉터리 또는 파일 C:\Users\jione\Desktop\펄어비스\DirectX12_terrain\DirectX12\Build\..\Engine\x64\Debug이(가) 이미 있습니다.
  C:\Users\jione\Desktop\펄어비스\DirectX12_terrain\DirectX12\Build\x64\Debug\Client.exe
  C:\Users\jione\Desktop\펄어비스\DirectX12_terrain\DirectX12\Build\x64\Debug\Client.pdb
  C:\Users\jione\Desktop\펄어비스\DirectX12_terrain\DirectX12\Build\x64\Debug\Engined.idb
  C:\Users\jione\Desktop\펄어비스\DirectX12_terrain\DirectX12\Build\x64\Debug\Engined.lib
  C:\Users\jione\Desktop\펄어비스\DirectX12_terrain\DirectX12\Build\x64\Debug\Engined.pdb
  C:\Users\jione\Desktop\펄어비스\DirectX12_terrain\DirectX12\Build\x64\Debug\PS.cso
  C:\Users\jione\Desktop\펄어비스\DirectX12_terrain\DirectX12\Build\x64\Debug\Shader.cso
  C:\Users\jione\Desktop\펄어비스\DirectX12_terrain\DirectX12\Build\x64\Debug\VS.cso
          8개 파일이 복사되었습니다.
