c:\users\jione\desktop\펄어비스\directx12\source\client\x64\debug\vc143.pdb
c:\users\jione\desktop\펄어비스\directx12\source\client\x64\debug\vc143.idb
c:\users\jione\desktop\펄어비스\directx12\source\client\x64\debug\main.obj
c:\users\jione\desktop\펄어비스\directx12\source\client\x64\debug\rotatingpointlight.obj
c:\users\jione\desktop\펄어비스\directx12\source\client\x64\debug\rotatingcube.obj
c:\users\jione\desktop\펄어비스\directx12\source\client\x64\debug\cube.obj
c:\users\jione\desktop\펄어비스\directx12\source\client\x64\debug\basecube.obj
c:\users\jione\desktop\펄어비스\porting\source\client\x64\debug\vc143.pdb
c:\users\jione\desktop\펄어비스\porting\source\client\x64\debug\vc143.idb
c:\users\jione\desktop\펄어비스\porting\source\client\x64\debug\main.obj
c:\users\jione\desktop\펄어비스\directx12\build\x64\debug\ps.cso
c:\users\jione\desktop\펄어비스\directx12\build\x64\debug\pssolid.cso
c:\users\jione\desktop\펄어비스\directx12\build\x64\debug\shader.cso
c:\users\jione\desktop\펄어비스\directx12\build\x64\debug\skinningshader.cso
c:\users\jione\desktop\펄어비스\directx12\build\x64\debug\vs.cso
c:\users\jione\desktop\펄어비스\porting\build\x64\debug\ps.cso
c:\users\jione\desktop\펄어비스\porting\build\x64\debug\pssolid.cso
c:\users\jione\desktop\펄어비스\porting\build\x64\debug\shader.cso
c:\users\jione\desktop\펄어비스\porting\build\x64\debug\skinningshader.cso
c:\users\jione\desktop\펄어비스\porting\build\x64\debug\vs.cso
c:\users\jione\desktop\펄어비스\directx12\build\x64\debug\client.exe
c:\users\jione\desktop\펄어비스\directx12\source\client\x64\debug\client.ilk
c:\users\jione\desktop\펄어비스\directx12\build\x64\debug\client.pdb
c:\users\jione\desktop\펄어비스\porting\build\x64\debug\client.exe
c:\users\jione\desktop\펄어비스\porting\source\client\x64\debug\client.ilk
c:\users\jione\desktop\펄어비스\porting\build\x64\debug\client.pdb
c:\users\jione\desktop\펄어비스\porting\source\client\x64\debug\basecube.obj
c:\users\jione\desktop\펄어비스\porting\source\client\x64\debug\cube.obj
c:\users\jione\desktop\펄어비스\porting\source\client\x64\debug\rotatingcube.obj
c:\users\jione\desktop\펄어비스\porting\source\client\x64\debug\rotatingpointlight.obj
c:\users\jione\desktop\펄어비스\porting\source\client\x64\debug\client.tlog\cl.command.1.tlog
c:\users\jione\desktop\펄어비스\porting\source\client\x64\debug\client.tlog\cl.read.1.tlog
c:\users\jione\desktop\펄어비스\porting\source\client\x64\debug\client.tlog\cl.write.1.tlog
c:\users\jione\desktop\펄어비스\porting\source\client\x64\debug\client.tlog\fxc.command.1.tlog
c:\users\jione\desktop\펄어비스\porting\source\client\x64\debug\client.tlog\fxc.read.1.tlog
c:\users\jione\desktop\펄어비스\porting\source\client\x64\debug\client.tlog\fxc.write.1.tlog
c:\users\jione\desktop\펄어비스\porting\source\client\x64\debug\client.tlog\link-cvtres.read.1.tlog
c:\users\jione\desktop\펄어비스\porting\source\client\x64\debug\client.tlog\link-cvtres.write.1.tlog
c:\users\jione\desktop\펄어비스\porting\source\client\x64\debug\client.tlog\link-rc.read.1.tlog
c:\users\jione\desktop\펄어비스\porting\source\client\x64\debug\client.tlog\link-rc.write.1.tlog
c:\users\jione\desktop\펄어비스\porting\source\client\x64\debug\client.tlog\link.58216-cvtres.read.1.tlog
c:\users\jione\desktop\펄어비스\porting\source\client\x64\debug\client.tlog\link.58216-cvtres.write.1.tlog
c:\users\jione\desktop\펄어비스\porting\source\client\x64\debug\client.tlog\link.58216-rc.read.1.tlog
c:\users\jione\desktop\펄어비스\porting\source\client\x64\debug\client.tlog\link.58216-rc.write.1.tlog
c:\users\jione\desktop\펄어비스\porting\source\client\x64\debug\client.tlog\link.58216.read.1.tlog
c:\users\jione\desktop\펄어비스\porting\source\client\x64\debug\client.tlog\link.58216.read.2.tlog
c:\users\jione\desktop\펄어비스\porting\source\client\x64\debug\client.tlog\link.58216.write.1.tlog
c:\users\jione\desktop\펄어비스\porting\source\client\x64\debug\client.tlog\link.command.1.tlog
c:\users\jione\desktop\펄어비스\porting\source\client\x64\debug\client.tlog\link.read.1.tlog
c:\users\jione\desktop\펄어비스\porting\source\client\x64\debug\client.tlog\link.read.2.tlog
c:\users\jione\desktop\펄어비스\porting\source\client\x64\debug\client.tlog\link.write.1.tlog
